
*** Running vivado
    with args -log design_1_wrapper.vds -m64 -product Vivado -mode batch -messageDb vivado.pb -notrace -source design_1_wrapper.tcl



****** Vivado v2023.2 (64-bit)
  **** SW Build 4029153 on Fri Oct 13 20:14:34 MDT 2023
  **** IP Build 4028589 on Sat Oct 14 00:45:43 MDT 2023
  **** SharedData Build 4025554 on Tue Oct 10 17:18:54 MDT 2023
    ** Copyright 1986-2022 Xilinx, Inc. All Rights Reserved.
    ** Copyright 2022-2023 Advanced Micro Devices, Inc. All Rights Reserved.

source design_1_wrapper.tcl -notrace
WARNING: [Common 17-1361] You have specified a new message control rule that is equivalent to an existing rule with attributes ' -id {[BD 41-1271]}  -suppress '. The existing rule will be replaced.
WARNING: [Common 17-1361] You have specified a new message control rule that is equivalent to an existing rule with attributes ' -id {[BD 41-1306]}  -suppress '. The existing rule will be replaced.
WARNING: [Common 17-1361] You have specified a new message control rule that is equivalent to an existing rule with attributes ' -id {[BD 41-1271]}  -suppress '. The existing rule will be replaced.
WARNING: [Common 17-1361] You have specified a new message control rule that is equivalent to an existing rule with attributes ' -id {[BD 41-1306]}  -suppress '. The existing rule will be replaced.
INFO: [IP_Flow 19-234] Refreshing IP repositories
INFO: [IP_Flow 19-1700] Loaded user IP repository 'c:/Test_masterDDR/ip_repo/custom_slave_1_0'.
INFO: [IP_Flow 19-1700] Loaded user IP repository 'c:/ip_repo/master_custom_1_0'.
INFO: [IP_Flow 19-1700] Loaded user IP repository 'c:/ZynqMP-ACP-Adapter-master'.
INFO: [IP_Flow 19-2313] Loaded Vivado IP repository 'C:/Xilinx/Vivado/2023.2/data/ip'.
add_files: Time (s): cpu = 00:00:05 ; elapsed = 00:00:07 . Memory (MB): peak = 677.273 ; gain = 75.402
Command: read_checkpoint -auto_incremental -incremental C:/larry_delivery/Latest/Latest.srcs/utils_1/imports/synth_1/design_1_wrapper.dcp
INFO: [Vivado 12-5825] Read reference checkpoint from C:/larry_delivery/Latest/Latest.srcs/utils_1/imports/synth_1/design_1_wrapper.dcp for incremental synthesis
INFO: [Vivado 12-7989] Please ensure there are no constraint changes
Command: synth_design -top design_1_wrapper -part xczu9eg-ffvb1156-2-e
Starting synth_design
Attempting to get a license for feature 'Synthesis' and/or device 'xczu9eg'
INFO: [Common 17-349] Got license for feature 'Synthesis' and/or device 'xczu9eg'
INFO: [Device 21-403] Loading part xczu9eg-ffvb1156-2-e
INFO: [Designutils 20-5440] No compile time benefit to using incremental synthesis; A full resynthesis will be run
INFO: [Designutils 20-4379] Flow is switching to default flow due to incremental criteria not met. If you would like to alter this behaviour and have the flow terminate instead, please set the following parameter config_implementation {autoIncr.Synth.RejectBehavior Terminate}
INFO: [Synth 8-7079] Multithreading enabled for synth_design using a maximum of 2 processes.
INFO: [Synth 8-7078] Launching helper process for spawning children vivado processes
INFO: [Synth 8-7075] Helper process launched with PID 12860
---------------------------------------------------------------------------------
Starting RTL Elaboration : Time (s): cpu = 00:00:04 ; elapsed = 00:00:05 . Memory (MB): peak = 2076.457 ; gain = 385.125
---------------------------------------------------------------------------------
INFO: [Synth 8-6157] synthesizing module 'design_1_wrapper' [C:/larry_delivery/Latest/Latest.gen/sources_1/bd/design_1/hdl/design_1_wrapper.v:13]
INFO: [Synth 8-6157] synthesizing module 'design_1' [c:/larry_delivery/Latest/Latest.gen/sources_1/bd/design_1/synth/design_1.v:13]
INFO: [Synth 8-6157] synthesizing module 'design_1_axi_vip_0_0' [C:/larry_delivery/Latest/Latest.runs/synth_1/.Xil/Vivado-14776-LAPTOP-81E1PH83/realtime/design_1_axi_vip_0_0_stub.v:6]
INFO: [Synth 8-6155] done synthesizing module 'design_1_axi_vip_0_0' (0#1) [C:/larry_delivery/Latest/Latest.runs/synth_1/.Xil/Vivado-14776-LAPTOP-81E1PH83/realtime/design_1_axi_vip_0_0_stub.v:6]
INFO: [Synth 8-6157] synthesizing module 'design_1_c_counter_binary_0_0' [C:/larry_delivery/Latest/Latest.runs/synth_1/.Xil/Vivado-14776-LAPTOP-81E1PH83/realtime/design_1_c_counter_binary_0_0_stub.v:6]
INFO: [Synth 8-6155] done synthesizing module 'design_1_c_counter_binary_0_0' (0#1) [C:/larry_delivery/Latest/Latest.runs/synth_1/.Xil/Vivado-14776-LAPTOP-81E1PH83/realtime/design_1_c_counter_binary_0_0_stub.v:6]
INFO: [Synth 8-6157] synthesizing module 'design_1_custom_slave_v1_0_S0_0_0' [C:/larry_delivery/Latest/Latest.runs/synth_1/.Xil/Vivado-14776-LAPTOP-81E1PH83/realtime/design_1_custom_slave_v1_0_S0_0_0_stub.v:6]
INFO: [Synth 8-6155] done synthesizing module 'design_1_custom_slave_v1_0_S0_0_0' (0#1) [C:/larry_delivery/Latest/Latest.runs/synth_1/.Xil/Vivado-14776-LAPTOP-81E1PH83/realtime/design_1_custom_slave_v1_0_S0_0_0_stub.v:6]
WARNING: [Synth 8-7071] port 'S_AXI_BID' of module 'design_1_custom_slave_v1_0_S0_0_0' is unconnected for instance 'custom_slave_v1_0_S0_0' [c:/larry_delivery/Latest/Latest.gen/sources_1/bd/design_1/synth/design_1.v:196]
WARNING: [Synth 8-7071] port 'S_AXI_BUSER' of module 'design_1_custom_slave_v1_0_S0_0_0' is unconnected for instance 'custom_slave_v1_0_S0_0' [c:/larry_delivery/Latest/Latest.gen/sources_1/bd/design_1/synth/design_1.v:196]
WARNING: [Synth 8-7071] port 'S_AXI_RID' of module 'design_1_custom_slave_v1_0_S0_0_0' is unconnected for instance 'custom_slave_v1_0_S0_0' [c:/larry_delivery/Latest/Latest.gen/sources_1/bd/design_1/synth/design_1.v:196]
WARNING: [Synth 8-7071] port 'S_AXI_RUSER' of module 'design_1_custom_slave_v1_0_S0_0_0' is unconnected for instance 'custom_slave_v1_0_S0_0' [c:/larry_delivery/Latest/Latest.gen/sources_1/bd/design_1/synth/design_1.v:196]
WARNING: [Synth 8-7023] instance 'custom_slave_v1_0_S0_0' of module 'design_1_custom_slave_v1_0_S0_0_0' has 51 connections declared, but only 47 given [c:/larry_delivery/Latest/Latest.gen/sources_1/bd/design_1/synth/design_1.v:196]
INFO: [Synth 8-6157] synthesizing module 'design_1_fifo_generator_0_0' [C:/larry_delivery/Latest/Latest.runs/synth_1/.Xil/Vivado-14776-LAPTOP-81E1PH83/realtime/design_1_fifo_generator_0_0_stub.v:6]
INFO: [Synth 8-6155] done synthesizing module 'design_1_fifo_generator_0_0' (0#1) [C:/larry_delivery/Latest/Latest.runs/synth_1/.Xil/Vivado-14776-LAPTOP-81E1PH83/realtime/design_1_fifo_generator_0_0_stub.v:6]
WARNING: [Synth 8-7071] port 'empty' of module 'design_1_fifo_generator_0_0' is unconnected for instance 'fifo_generator_0' [c:/larry_delivery/Latest/Latest.gen/sources_1/bd/design_1/synth/design_1.v:244]
WARNING: [Synth 8-7071] port 'valid' of module 'design_1_fifo_generator_0_0' is unconnected for instance 'fifo_generator_0' [c:/larry_delivery/Latest/Latest.gen/sources_1/bd/design_1/synth/design_1.v:244]
WARNING: [Synth 8-7071] port 'wr_rst_busy' of module 'design_1_fifo_generator_0_0' is unconnected for instance 'fifo_generator_0' [c:/larry_delivery/Latest/Latest.gen/sources_1/bd/design_1/synth/design_1.v:244]
WARNING: [Synth 8-7071] port 'rd_rst_busy' of module 'design_1_fifo_generator_0_0' is unconnected for instance 'fifo_generator_0' [c:/larry_delivery/Latest/Latest.gen/sources_1/bd/design_1/synth/design_1.v:244]
WARNING: [Synth 8-7023] instance 'fifo_generator_0' of module 'design_1_fifo_generator_0_0' has 11 connections declared, but only 7 given [c:/larry_delivery/Latest/Latest.gen/sources_1/bd/design_1/synth/design_1.v:244]
INFO: [Synth 8-6157] synthesizing module 'design_1_fifo_generator_0_1' [C:/larry_delivery/Latest/Latest.runs/synth_1/.Xil/Vivado-14776-LAPTOP-81E1PH83/realtime/design_1_fifo_generator_0_1_stub.v:6]
INFO: [Synth 8-6155] done synthesizing module 'design_1_fifo_generator_0_1' (0#1) [C:/larry_delivery/Latest/Latest.runs/synth_1/.Xil/Vivado-14776-LAPTOP-81E1PH83/realtime/design_1_fifo_generator_0_1_stub.v:6]
WARNING: [Synth 8-7071] port 'full' of module 'design_1_fifo_generator_0_1' is unconnected for instance 'fifo_generator_1' [c:/larry_delivery/Latest/Latest.gen/sources_1/bd/design_1/synth/design_1.v:252]
WARNING: [Synth 8-7071] port 'wr_rst_busy' of module 'design_1_fifo_generator_0_1' is unconnected for instance 'fifo_generator_1' [c:/larry_delivery/Latest/Latest.gen/sources_1/bd/design_1/synth/design_1.v:252]
WARNING: [Synth 8-7071] port 'rd_rst_busy' of module 'design_1_fifo_generator_0_1' is unconnected for instance 'fifo_generator_1' [c:/larry_delivery/Latest/Latest.gen/sources_1/bd/design_1/synth/design_1.v:252]
WARNING: [Synth 8-7023] instance 'fifo_generator_1' of module 'design_1_fifo_generator_0_1' has 10 connections declared, but only 7 given [c:/larry_delivery/Latest/Latest.gen/sources_1/bd/design_1/synth/design_1.v:252]
INFO: [Synth 8-6157] synthesizing module 'design_1_master_custom_v1_0_M_0_0' [C:/larry_delivery/Latest/Latest.runs/synth_1/.Xil/Vivado-14776-LAPTOP-81E1PH83/realtime/design_1_master_custom_v1_0_M_0_0_stub.v:6]
INFO: [Synth 8-6155] done synthesizing module 'design_1_master_custom_v1_0_M_0_0' (0#1) [C:/larry_delivery/Latest/Latest.runs/synth_1/.Xil/Vivado-14776-LAPTOP-81E1PH83/realtime/design_1_master_custom_v1_0_M_0_0_stub.v:6]
WARNING: [Synth 8-7071] port 'debug_addr' of module 'design_1_master_custom_v1_0_M_0_0' is unconnected for instance 'master_custom_v1_0_M_0' [c:/larry_delivery/Latest/Latest.gen/sources_1/bd/design_1/synth/design_1.v:260]
WARNING: [Synth 8-7071] port 'debug_add_bytes' of module 'design_1_master_custom_v1_0_M_0_0' is unconnected for instance 'master_custom_v1_0_M_0' [c:/larry_delivery/Latest/Latest.gen/sources_1/bd/design_1/synth/design_1.v:260]
WARNING: [Synth 8-7071] port 'arready' of module 'design_1_master_custom_v1_0_M_0_0' is unconnected for instance 'master_custom_v1_0_M_0' [c:/larry_delivery/Latest/Latest.gen/sources_1/bd/design_1/synth/design_1.v:260]
WARNING: [Synth 8-7071] port 'debug_tx_num' of module 'design_1_master_custom_v1_0_M_0_0' is unconnected for instance 'master_custom_v1_0_M_0' [c:/larry_delivery/Latest/Latest.gen/sources_1/bd/design_1/synth/design_1.v:260]
WARNING: [Synth 8-7071] port 'TXN_DONE' of module 'design_1_master_custom_v1_0_M_0_0' is unconnected for instance 'master_custom_v1_0_M_0' [c:/larry_delivery/Latest/Latest.gen/sources_1/bd/design_1/synth/design_1.v:260]
WARNING: [Synth 8-7071] port 'ERROR' of module 'design_1_master_custom_v1_0_M_0_0' is unconnected for instance 'master_custom_v1_0_M_0' [c:/larry_delivery/Latest/Latest.gen/sources_1/bd/design_1/synth/design_1.v:260]
WARNING: [Synth 8-7071] port 'M_AXI_WUSER' of module 'design_1_master_custom_v1_0_M_0_0' is unconnected for instance 'master_custom_v1_0_M_0' [c:/larry_delivery/Latest/Latest.gen/sources_1/bd/design_1/synth/design_1.v:260]
WARNING: [Synth 8-7023] instance 'master_custom_v1_0_M_0' of module 'design_1_master_custom_v1_0_M_0_0' has 59 connections declared, but only 52 given [c:/larry_delivery/Latest/Latest.gen/sources_1/bd/design_1/synth/design_1.v:260]
INFO: [Synth 8-6157] synthesizing module 'design_1_ps8_0_axi_periph_0' [c:/larry_delivery/Latest/Latest.gen/sources_1/bd/design_1/synth/design_1.v:572]
INFO: [Synth 8-6157] synthesizing module 's00_couplers_imp_1A7ZMW4' [c:/larry_delivery/Latest/Latest.gen/sources_1/bd/design_1/synth/design_1.v:992]
INFO: [Synth 8-6155] done synthesizing module 's00_couplers_imp_1A7ZMW4' (0#1) [c:/larry_delivery/Latest/Latest.gen/sources_1/bd/design_1/synth/design_1.v:992]
INFO: [Synth 8-6155] done synthesizing module 'design_1_ps8_0_axi_periph_0' (0#1) [c:/larry_delivery/Latest/Latest.gen/sources_1/bd/design_1/synth/design_1.v:572]
WARNING: [Synth 8-7071] port 'M00_AXI_araddr' of module 'design_1_ps8_0_axi_periph_0' is unconnected for instance 'ps8_0_axi_periph' [c:/larry_delivery/Latest/Latest.gen/sources_1/bd/design_1/synth/design_1.v:313]
WARNING: [Synth 8-7071] port 'M00_AXI_arburst' of module 'design_1_ps8_0_axi_periph_0' is unconnected for instance 'ps8_0_axi_periph' [c:/larry_delivery/Latest/Latest.gen/sources_1/bd/design_1/synth/design_1.v:313]
WARNING: [Synth 8-7071] port 'M00_AXI_arcache' of module 'design_1_ps8_0_axi_periph_0' is unconnected for instance 'ps8_0_axi_periph' [c:/larry_delivery/Latest/Latest.gen/sources_1/bd/design_1/synth/design_1.v:313]
WARNING: [Synth 8-7071] port 'M00_AXI_arid' of module 'design_1_ps8_0_axi_periph_0' is unconnected for instance 'ps8_0_axi_periph' [c:/larry_delivery/Latest/Latest.gen/sources_1/bd/design_1/synth/design_1.v:313]
WARNING: [Synth 8-7071] port 'M00_AXI_arlen' of module 'design_1_ps8_0_axi_periph_0' is unconnected for instance 'ps8_0_axi_periph' [c:/larry_delivery/Latest/Latest.gen/sources_1/bd/design_1/synth/design_1.v:313]
WARNING: [Synth 8-7071] port 'M00_AXI_arlock' of module 'design_1_ps8_0_axi_periph_0' is unconnected for instance 'ps8_0_axi_periph' [c:/larry_delivery/Latest/Latest.gen/sources_1/bd/design_1/synth/design_1.v:313]
WARNING: [Synth 8-7071] port 'M00_AXI_arprot' of module 'design_1_ps8_0_axi_periph_0' is unconnected for instance 'ps8_0_axi_periph' [c:/larry_delivery/Latest/Latest.gen/sources_1/bd/design_1/synth/design_1.v:313]
WARNING: [Synth 8-7071] port 'M00_AXI_arqos' of module 'design_1_ps8_0_axi_periph_0' is unconnected for instance 'ps8_0_axi_periph' [c:/larry_delivery/Latest/Latest.gen/sources_1/bd/design_1/synth/design_1.v:313]
WARNING: [Synth 8-7071] port 'M00_AXI_arsize' of module 'design_1_ps8_0_axi_periph_0' is unconnected for instance 'ps8_0_axi_periph' [c:/larry_delivery/Latest/Latest.gen/sources_1/bd/design_1/synth/design_1.v:313]
WARNING: [Synth 8-7071] port 'M00_AXI_aruser' of module 'design_1_ps8_0_axi_periph_0' is unconnected for instance 'ps8_0_axi_periph' [c:/larry_delivery/Latest/Latest.gen/sources_1/bd/design_1/synth/design_1.v:313]
WARNING: [Synth 8-7071] port 'M00_AXI_arvalid' of module 'design_1_ps8_0_axi_periph_0' is unconnected for instance 'ps8_0_axi_periph' [c:/larry_delivery/Latest/Latest.gen/sources_1/bd/design_1/synth/design_1.v:313]
WARNING: [Synth 8-7071] port 'M00_AXI_awaddr' of module 'design_1_ps8_0_axi_periph_0' is unconnected for instance 'ps8_0_axi_periph' [c:/larry_delivery/Latest/Latest.gen/sources_1/bd/design_1/synth/design_1.v:313]
WARNING: [Synth 8-7071] port 'M00_AXI_awburst' of module 'design_1_ps8_0_axi_periph_0' is unconnected for instance 'ps8_0_axi_periph' [c:/larry_delivery/Latest/Latest.gen/sources_1/bd/design_1/synth/design_1.v:313]
WARNING: [Synth 8-7071] port 'M00_AXI_awcache' of module 'design_1_ps8_0_axi_periph_0' is unconnected for instance 'ps8_0_axi_periph' [c:/larry_delivery/Latest/Latest.gen/sources_1/bd/design_1/synth/design_1.v:313]
WARNING: [Synth 8-7071] port 'M00_AXI_awid' of module 'design_1_ps8_0_axi_periph_0' is unconnected for instance 'ps8_0_axi_periph' [c:/larry_delivery/Latest/Latest.gen/sources_1/bd/design_1/synth/design_1.v:313]
WARNING: [Synth 8-7071] port 'M00_AXI_awlen' of module 'design_1_ps8_0_axi_periph_0' is unconnected for instance 'ps8_0_axi_periph' [c:/larry_delivery/Latest/Latest.gen/sources_1/bd/design_1/synth/design_1.v:313]
WARNING: [Synth 8-7071] port 'M00_AXI_awlock' of module 'design_1_ps8_0_axi_periph_0' is unconnected for instance 'ps8_0_axi_periph' [c:/larry_delivery/Latest/Latest.gen/sources_1/bd/design_1/synth/design_1.v:313]
WARNING: [Synth 8-7071] port 'M00_AXI_awprot' of module 'design_1_ps8_0_axi_periph_0' is unconnected for instance 'ps8_0_axi_periph' [c:/larry_delivery/Latest/Latest.gen/sources_1/bd/design_1/synth/design_1.v:313]
WARNING: [Synth 8-7071] port 'M00_AXI_awqos' of module 'design_1_ps8_0_axi_periph_0' is unconnected for instance 'ps8_0_axi_periph' [c:/larry_delivery/Latest/Latest.gen/sources_1/bd/design_1/synth/design_1.v:313]
WARNING: [Synth 8-7071] port 'M00_AXI_awsize' of module 'design_1_ps8_0_axi_periph_0' is unconnected for instance 'ps8_0_axi_periph' [c:/larry_delivery/Latest/Latest.gen/sources_1/bd/design_1/synth/design_1.v:313]
WARNING: [Synth 8-7071] port 'M00_AXI_awuser' of module 'design_1_ps8_0_axi_periph_0' is unconnected for instance 'ps8_0_axi_periph' [c:/larry_delivery/Latest/Latest.gen/sources_1/bd/design_1/synth/design_1.v:313]
WARNING: [Synth 8-7071] port 'M00_AXI_awvalid' of module 'design_1_ps8_0_axi_periph_0' is unconnected for instance 'ps8_0_axi_periph' [c:/larry_delivery/Latest/Latest.gen/sources_1/bd/design_1/synth/design_1.v:313]
WARNING: [Synth 8-7071] port 'M00_AXI_bready' of module 'design_1_ps8_0_axi_periph_0' is unconnected for instance 'ps8_0_axi_periph' [c:/larry_delivery/Latest/Latest.gen/sources_1/bd/design_1/synth/design_1.v:313]
WARNING: [Synth 8-7071] port 'M00_AXI_rready' of module 'design_1_ps8_0_axi_periph_0' is unconnected for instance 'ps8_0_axi_periph' [c:/larry_delivery/Latest/Latest.gen/sources_1/bd/design_1/synth/design_1.v:313]
WARNING: [Synth 8-7071] port 'M00_AXI_wdata' of module 'design_1_ps8_0_axi_periph_0' is unconnected for instance 'ps8_0_axi_periph' [c:/larry_delivery/Latest/Latest.gen/sources_1/bd/design_1/synth/design_1.v:313]
WARNING: [Synth 8-7071] port 'M00_AXI_wlast' of module 'design_1_ps8_0_axi_periph_0' is unconnected for instance 'ps8_0_axi_periph' [c:/larry_delivery/Latest/Latest.gen/sources_1/bd/design_1/synth/design_1.v:313]
WARNING: [Synth 8-7071] port 'M00_AXI_wstrb' of module 'design_1_ps8_0_axi_periph_0' is unconnected for instance 'ps8_0_axi_periph' [c:/larry_delivery/Latest/Latest.gen/sources_1/bd/design_1/synth/design_1.v:313]
WARNING: [Synth 8-7071] port 'M00_AXI_wvalid' of module 'design_1_ps8_0_axi_periph_0' is unconnected for instance 'ps8_0_axi_periph' [c:/larry_delivery/Latest/Latest.gen/sources_1/bd/design_1/synth/design_1.v:313]
WARNING: [Synth 8-7023] instance 'ps8_0_axi_periph' of module 'design_1_ps8_0_axi_periph_0' has 84 connections declared, but only 56 given [c:/larry_delivery/Latest/Latest.gen/sources_1/bd/design_1/synth/design_1.v:313]
INFO: [Synth 8-6157] synthesizing module 'design_1_rst_ps8_0_99M_0' [C:/larry_delivery/Latest/Latest.runs/synth_1/.Xil/Vivado-14776-LAPTOP-81E1PH83/realtime/design_1_rst_ps8_0_99M_0_stub.v:6]
INFO: [Synth 8-6155] done synthesizing module 'design_1_rst_ps8_0_99M_0' (0#1) [C:/larry_delivery/Latest/Latest.runs/synth_1/.Xil/Vivado-14776-LAPTOP-81E1PH83/realtime/design_1_rst_ps8_0_99M_0_stub.v:6]
WARNING: [Synth 8-7071] port 'mb_reset' of module 'design_1_rst_ps8_0_99M_0' is unconnected for instance 'rst_ps8_0_99M' [c:/larry_delivery/Latest/Latest.gen/sources_1/bd/design_1/synth/design_1.v:370]
WARNING: [Synth 8-7071] port 'bus_struct_reset' of module 'design_1_rst_ps8_0_99M_0' is unconnected for instance 'rst_ps8_0_99M' [c:/larry_delivery/Latest/Latest.gen/sources_1/bd/design_1/synth/design_1.v:370]
WARNING: [Synth 8-7071] port 'peripheral_reset' of module 'design_1_rst_ps8_0_99M_0' is unconnected for instance 'rst_ps8_0_99M' [c:/larry_delivery/Latest/Latest.gen/sources_1/bd/design_1/synth/design_1.v:370]
WARNING: [Synth 8-7071] port 'interconnect_aresetn' of module 'design_1_rst_ps8_0_99M_0' is unconnected for instance 'rst_ps8_0_99M' [c:/larry_delivery/Latest/Latest.gen/sources_1/bd/design_1/synth/design_1.v:370]
WARNING: [Synth 8-7023] instance 'rst_ps8_0_99M' of module 'design_1_rst_ps8_0_99M_0' has 10 connections declared, but only 6 given [c:/larry_delivery/Latest/Latest.gen/sources_1/bd/design_1/synth/design_1.v:370]
WARNING: [Synth 8-4446] all outputs are unconnected for this instance and logic may be removed [c:/larry_delivery/Latest/Latest.gen/sources_1/bd/design_1/synth/design_1.v:377]
INFO: [Synth 8-6157] synthesizing module 'design_1_system_ila_0_1' [C:/larry_delivery/Latest/Latest.runs/synth_1/.Xil/Vivado-14776-LAPTOP-81E1PH83/realtime/design_1_system_ila_0_1_stub.v:6]
INFO: [Synth 8-6155] done synthesizing module 'design_1_system_ila_0_1' (0#1) [C:/larry_delivery/Latest/Latest.runs/synth_1/.Xil/Vivado-14776-LAPTOP-81E1PH83/realtime/design_1_system_ila_0_1_stub.v:6]
WARNING: [Synth 8-4446] all outputs are unconnected for this instance and logic may be removed [c:/larry_delivery/Latest/Latest.gen/sources_1/bd/design_1/synth/design_1.v:429]
INFO: [Synth 8-6157] synthesizing module 'design_1_system_ila_1_1' [C:/larry_delivery/Latest/Latest.runs/synth_1/.Xil/Vivado-14776-LAPTOP-81E1PH83/realtime/design_1_system_ila_1_1_stub.v:6]
INFO: [Synth 8-6155] done synthesizing module 'design_1_system_ila_1_1' (0#1) [C:/larry_delivery/Latest/Latest.runs/synth_1/.Xil/Vivado-14776-LAPTOP-81E1PH83/realtime/design_1_system_ila_1_1_stub.v:6]
INFO: [Synth 8-6157] synthesizing module 'design_1_util_reduced_logic_0_0' [C:/larry_delivery/Latest/Latest.runs/synth_1/.Xil/Vivado-14776-LAPTOP-81E1PH83/realtime/design_1_util_reduced_logic_0_0_stub.v:6]
INFO: [Synth 8-6155] done synthesizing module 'design_1_util_reduced_logic_0_0' (0#1) [C:/larry_delivery/Latest/Latest.runs/synth_1/.Xil/Vivado-14776-LAPTOP-81E1PH83/realtime/design_1_util_reduced_logic_0_0_stub.v:6]
INFO: [Synth 8-6157] synthesizing module 'design_1_util_vector_logic_0_0' [C:/larry_delivery/Latest/Latest.runs/synth_1/.Xil/Vivado-14776-LAPTOP-81E1PH83/realtime/design_1_util_vector_logic_0_0_stub.v:6]
INFO: [Synth 8-6155] done synthesizing module 'design_1_util_vector_logic_0_0' (0#1) [C:/larry_delivery/Latest/Latest.runs/synth_1/.Xil/Vivado-14776-LAPTOP-81E1PH83/realtime/design_1_util_vector_logic_0_0_stub.v:6]
INFO: [Synth 8-6157] synthesizing module 'design_1_util_vector_logic_1_0' [C:/larry_delivery/Latest/Latest.runs/synth_1/.Xil/Vivado-14776-LAPTOP-81E1PH83/realtime/design_1_util_vector_logic_1_0_stub.v:6]
INFO: [Synth 8-6155] done synthesizing module 'design_1_util_vector_logic_1_0' (0#1) [C:/larry_delivery/Latest/Latest.runs/synth_1/.Xil/Vivado-14776-LAPTOP-81E1PH83/realtime/design_1_util_vector_logic_1_0_stub.v:6]
INFO: [Synth 8-6157] synthesizing module 'design_1_util_vector_logic_2_0' [C:/larry_delivery/Latest/Latest.runs/synth_1/.Xil/Vivado-14776-LAPTOP-81E1PH83/realtime/design_1_util_vector_logic_2_0_stub.v:6]
INFO: [Synth 8-6155] done synthesizing module 'design_1_util_vector_logic_2_0' (0#1) [C:/larry_delivery/Latest/Latest.runs/synth_1/.Xil/Vivado-14776-LAPTOP-81E1PH83/realtime/design_1_util_vector_logic_2_0_stub.v:6]
INFO: [Synth 8-6157] synthesizing module 'design_1_util_vector_logic_0_1' [C:/larry_delivery/Latest/Latest.runs/synth_1/.Xil/Vivado-14776-LAPTOP-81E1PH83/realtime/design_1_util_vector_logic_0_1_stub.v:6]
INFO: [Synth 8-6155] done synthesizing module 'design_1_util_vector_logic_0_1' (0#1) [C:/larry_delivery/Latest/Latest.runs/synth_1/.Xil/Vivado-14776-LAPTOP-81E1PH83/realtime/design_1_util_vector_logic_0_1_stub.v:6]
WARNING: [Synth 8-4446] all outputs are unconnected for this instance and logic may be removed [c:/larry_delivery/Latest/Latest.gen/sources_1/bd/design_1/synth/design_1.v:483]
INFO: [Synth 8-6157] synthesizing module 'design_1_util_vector_logic_4_0' [C:/larry_delivery/Latest/Latest.runs/synth_1/.Xil/Vivado-14776-LAPTOP-81E1PH83/realtime/design_1_util_vector_logic_4_0_stub.v:6]
INFO: [Synth 8-6155] done synthesizing module 'design_1_util_vector_logic_4_0' (0#1) [C:/larry_delivery/Latest/Latest.runs/synth_1/.Xil/Vivado-14776-LAPTOP-81E1PH83/realtime/design_1_util_vector_logic_4_0_stub.v:6]
WARNING: [Synth 8-7071] port 'Res' of module 'design_1_util_vector_logic_4_0' is unconnected for instance 'util_vector_logic_4' [c:/larry_delivery/Latest/Latest.gen/sources_1/bd/design_1/synth/design_1.v:483]
WARNING: [Synth 8-7023] instance 'util_vector_logic_4' of module 'design_1_util_vector_logic_4_0' has 3 connections declared, but only 2 given [c:/larry_delivery/Latest/Latest.gen/sources_1/bd/design_1/synth/design_1.v:483]
INFO: [Synth 8-6157] synthesizing module 'design_1_zynq_ultra_ps_e_0_0' [C:/larry_delivery/Latest/Latest.runs/synth_1/.Xil/Vivado-14776-LAPTOP-81E1PH83/realtime/design_1_zynq_ultra_ps_e_0_0_stub.v:6]
INFO: [Synth 8-6155] done synthesizing module 'design_1_zynq_ultra_ps_e_0_0' (0#1) [C:/larry_delivery/Latest/Latest.runs/synth_1/.Xil/Vivado-14776-LAPTOP-81E1PH83/realtime/design_1_zynq_ultra_ps_e_0_0_stub.v:6]
INFO: [Synth 8-6155] done synthesizing module 'design_1' (0#1) [c:/larry_delivery/Latest/Latest.gen/sources_1/bd/design_1/synth/design_1.v:13]
INFO: [Synth 8-6155] done synthesizing module 'design_1_wrapper' (0#1) [C:/larry_delivery/Latest/Latest.gen/sources_1/bd/design_1/hdl/design_1_wrapper.v:13]
INFO: [Synth 8-6071] Mark debug on the nets applies keep_hierarchy on instance 'custom_slave_v1_0_S0_0'. This will prevent further optimization [c:/larry_delivery/Latest/Latest.gen/sources_1/bd/design_1/synth/design_1.v:196]
INFO: [Synth 8-6071] Mark debug on the nets applies keep_hierarchy on instance 'system_ila_0'. This will prevent further optimization [c:/larry_delivery/Latest/Latest.gen/sources_1/bd/design_1/synth/design_1.v:377]
INFO: [Synth 8-6071] Mark debug on the nets applies keep_hierarchy on instance 'master_custom_v1_0_M_0'. This will prevent further optimization [c:/larry_delivery/Latest/Latest.gen/sources_1/bd/design_1/synth/design_1.v:260]
INFO: [Synth 8-6071] Mark debug on the nets applies keep_hierarchy on instance 'fifo_generator_1'. This will prevent further optimization [c:/larry_delivery/Latest/Latest.gen/sources_1/bd/design_1/synth/design_1.v:252]
INFO: [Synth 8-6071] Mark debug on the nets applies keep_hierarchy on instance 'zynq_ultra_ps_e_0'. This will prevent further optimization [c:/larry_delivery/Latest/Latest.gen/sources_1/bd/design_1/synth/design_1.v:486]
INFO: [Synth 8-6071] Mark debug on the nets applies keep_hierarchy on instance 'fifo_generator_0'. This will prevent further optimization [c:/larry_delivery/Latest/Latest.gen/sources_1/bd/design_1/synth/design_1.v:244]
INFO: [Synth 8-6071] Mark debug on the nets applies keep_hierarchy on instance 'axi_vip_0'. This will prevent further optimization [c:/larry_delivery/Latest/Latest.gen/sources_1/bd/design_1/synth/design_1.v:155]
INFO: [Synth 8-6071] Mark debug on the nets applies keep_hierarchy on instance 'system_ila_1'. This will prevent further optimization [c:/larry_delivery/Latest/Latest.gen/sources_1/bd/design_1/synth/design_1.v:429]
WARNING: [Synth 8-7129] Port M_ACLK in module s00_couplers_imp_1A7ZMW4 is either unconnected or has no load
WARNING: [Synth 8-7129] Port M_ARESETN in module s00_couplers_imp_1A7ZMW4 is either unconnected or has no load
WARNING: [Synth 8-7129] Port S_ACLK in module s00_couplers_imp_1A7ZMW4 is either unconnected or has no load
WARNING: [Synth 8-7129] Port S_ARESETN in module s00_couplers_imp_1A7ZMW4 is either unconnected or has no load
WARNING: [Synth 8-7129] Port ACLK in module design_1_ps8_0_axi_periph_0 is either unconnected or has no load
WARNING: [Synth 8-7129] Port ARESETN in module design_1_ps8_0_axi_periph_0 is either unconnected or has no load
---------------------------------------------------------------------------------
Finished RTL Elaboration : Time (s): cpu = 00:00:06 ; elapsed = 00:00:07 . Memory (MB): peak = 2192.156 ; gain = 500.824
---------------------------------------------------------------------------------
---------------------------------------------------------------------------------
Start Handling Custom Attributes
---------------------------------------------------------------------------------
---------------------------------------------------------------------------------
Finished Handling Custom Attributes : Time (s): cpu = 00:00:06 ; elapsed = 00:00:07 . Memory (MB): peak = 2192.156 ; gain = 500.824
---------------------------------------------------------------------------------
---------------------------------------------------------------------------------
Finished RTL Optimization Phase 1 : Time (s): cpu = 00:00:06 ; elapsed = 00:00:07 . Memory (MB): peak = 2192.156 ; gain = 500.824
---------------------------------------------------------------------------------
Netlist sorting complete. Time (s): cpu = 00:00:00 ; elapsed = 00:00:00.014 . Memory (MB): peak = 2192.156 ; gain = 0.000
INFO: [Project 1-570] Preparing netlist for logic optimization

Processing XDC Constraints
Initializing timing engine
Parsing XDC File [c:/larry_delivery/Latest/Latest.gen/sources_1/bd/design_1/ip/design_1_zynq_ultra_ps_e_0_0/design_1_zynq_ultra_ps_e_0_0/design_1_zynq_ultra_ps_e_0_0_in_context.xdc] for cell 'design_1_i/zynq_ultra_ps_e_0'
Finished Parsing XDC File [c:/larry_delivery/Latest/Latest.gen/sources_1/bd/design_1/ip/design_1_zynq_ultra_ps_e_0_0/design_1_zynq_ultra_ps_e_0_0/design_1_zynq_ultra_ps_e_0_0_in_context.xdc] for cell 'design_1_i/zynq_ultra_ps_e_0'
Parsing XDC File [c:/larry_delivery/Latest/Latest.gen/sources_1/bd/design_1/ip/design_1_rst_ps8_0_99M_0/design_1_rst_ps8_0_99M_0/design_1_rst_ps8_0_99M_0_in_context.xdc] for cell 'design_1_i/rst_ps8_0_99M'
Finished Parsing XDC File [c:/larry_delivery/Latest/Latest.gen/sources_1/bd/design_1/ip/design_1_rst_ps8_0_99M_0/design_1_rst_ps8_0_99M_0/design_1_rst_ps8_0_99M_0_in_context.xdc] for cell 'design_1_i/rst_ps8_0_99M'
Parsing XDC File [c:/larry_delivery/Latest/Latest.gen/sources_1/bd/design_1/ip/design_1_fifo_generator_0_0/design_1_fifo_generator_0_0/design_1_fifo_generator_0_0_in_context.xdc] for cell 'design_1_i/fifo_generator_0'
Finished Parsing XDC File [c:/larry_delivery/Latest/Latest.gen/sources_1/bd/design_1/ip/design_1_fifo_generator_0_0/design_1_fifo_generator_0_0/design_1_fifo_generator_0_0_in_context.xdc] for cell 'design_1_i/fifo_generator_0'
Parsing XDC File [c:/larry_delivery/Latest/Latest.gen/sources_1/bd/design_1/ip/design_1_util_vector_logic_0_0/design_1_util_vector_logic_0_0/design_1_util_vector_logic_0_0_in_context.xdc] for cell 'design_1_i/util_vector_logic_0'
Finished Parsing XDC File [c:/larry_delivery/Latest/Latest.gen/sources_1/bd/design_1/ip/design_1_util_vector_logic_0_0/design_1_util_vector_logic_0_0/design_1_util_vector_logic_0_0_in_context.xdc] for cell 'design_1_i/util_vector_logic_0'
Parsing XDC File [c:/larry_delivery/Latest/Latest.gen/sources_1/bd/design_1/ip/design_1_util_vector_logic_1_0/design_1_util_vector_logic_1_0/design_1_util_vector_logic_1_0_in_context.xdc] for cell 'design_1_i/util_vector_logic_1'
Finished Parsing XDC File [c:/larry_delivery/Latest/Latest.gen/sources_1/bd/design_1/ip/design_1_util_vector_logic_1_0/design_1_util_vector_logic_1_0/design_1_util_vector_logic_1_0_in_context.xdc] for cell 'design_1_i/util_vector_logic_1'
Parsing XDC File [c:/larry_delivery/Latest/Latest.gen/sources_1/bd/design_1/ip/design_1_c_counter_binary_0_0/design_1_c_counter_binary_0_0/design_1_c_counter_binary_0_0_in_context.xdc] for cell 'design_1_i/c_counter_binary_0'
Finished Parsing XDC File [c:/larry_delivery/Latest/Latest.gen/sources_1/bd/design_1/ip/design_1_c_counter_binary_0_0/design_1_c_counter_binary_0_0/design_1_c_counter_binary_0_0_in_context.xdc] for cell 'design_1_i/c_counter_binary_0'
Parsing XDC File [c:/larry_delivery/Latest/Latest.gen/sources_1/bd/design_1/ip/design_1_util_reduced_logic_0_0/design_1_util_reduced_logic_0_0/design_1_util_reduced_logic_0_0_in_context.xdc] for cell 'design_1_i/util_reduced_logic_0'
Finished Parsing XDC File [c:/larry_delivery/Latest/Latest.gen/sources_1/bd/design_1/ip/design_1_util_reduced_logic_0_0/design_1_util_reduced_logic_0_0/design_1_util_reduced_logic_0_0_in_context.xdc] for cell 'design_1_i/util_reduced_logic_0'
Parsing XDC File [c:/larry_delivery/Latest/Latest.gen/sources_1/bd/design_1/ip/design_1_util_vector_logic_2_0/design_1_util_vector_logic_2_0/design_1_util_vector_logic_0_0_in_context.xdc] for cell 'design_1_i/util_vector_logic_2'
Finished Parsing XDC File [c:/larry_delivery/Latest/Latest.gen/sources_1/bd/design_1/ip/design_1_util_vector_logic_2_0/design_1_util_vector_logic_2_0/design_1_util_vector_logic_0_0_in_context.xdc] for cell 'design_1_i/util_vector_logic_2'
Parsing XDC File [c:/larry_delivery/Latest/Latest.gen/sources_1/bd/design_1/ip/design_1_fifo_generator_0_1/design_1_fifo_generator_0_1/design_1_fifo_generator_0_1_in_context.xdc] for cell 'design_1_i/fifo_generator_1'
Finished Parsing XDC File [c:/larry_delivery/Latest/Latest.gen/sources_1/bd/design_1/ip/design_1_fifo_generator_0_1/design_1_fifo_generator_0_1/design_1_fifo_generator_0_1_in_context.xdc] for cell 'design_1_i/fifo_generator_1'
Parsing XDC File [c:/larry_delivery/Latest/Latest.gen/sources_1/bd/design_1/ip/design_1_util_vector_logic_0_1/design_1_util_vector_logic_0_1/design_1_util_vector_logic_0_0_in_context.xdc] for cell 'design_1_i/util_vector_logic_3'
Finished Parsing XDC File [c:/larry_delivery/Latest/Latest.gen/sources_1/bd/design_1/ip/design_1_util_vector_logic_0_1/design_1_util_vector_logic_0_1/design_1_util_vector_logic_0_0_in_context.xdc] for cell 'design_1_i/util_vector_logic_3'
Parsing XDC File [c:/larry_delivery/Latest/Latest.gen/sources_1/bd/design_1/ip/design_1_system_ila_0_1/design_1_system_ila_0_1/design_1_system_ila_0_1_in_context.xdc] for cell 'design_1_i/system_ila_0'
Finished Parsing XDC File [c:/larry_delivery/Latest/Latest.gen/sources_1/bd/design_1/ip/design_1_system_ila_0_1/design_1_system_ila_0_1/design_1_system_ila_0_1_in_context.xdc] for cell 'design_1_i/system_ila_0'
Parsing XDC File [c:/larry_delivery/Latest/Latest.gen/sources_1/bd/design_1/ip/design_1_system_ila_1_1/design_1_system_ila_1_1/design_1_system_ila_1_1_in_context.xdc] for cell 'design_1_i/system_ila_1'
Finished Parsing XDC File [c:/larry_delivery/Latest/Latest.gen/sources_1/bd/design_1/ip/design_1_system_ila_1_1/design_1_system_ila_1_1/design_1_system_ila_1_1_in_context.xdc] for cell 'design_1_i/system_ila_1'
Parsing XDC File [c:/larry_delivery/Latest/Latest.gen/sources_1/bd/design_1/ip/design_1_util_vector_logic_4_0/design_1_util_vector_logic_4_0/design_1_util_vector_logic_1_0_in_context.xdc] for cell 'design_1_i/util_vector_logic_4'
Finished Parsing XDC File [c:/larry_delivery/Latest/Latest.gen/sources_1/bd/design_1/ip/design_1_util_vector_logic_4_0/design_1_util_vector_logic_4_0/design_1_util_vector_logic_1_0_in_context.xdc] for cell 'design_1_i/util_vector_logic_4'
Parsing XDC File [c:/larry_delivery/Latest/Latest.gen/sources_1/bd/design_1/ip/design_1_master_custom_v1_0_M_0_0/design_1_master_custom_v1_0_M_0_0/design_1_master_custom_v1_0_M_0_0_in_context.xdc] for cell 'design_1_i/master_custom_v1_0_M_0'
Finished Parsing XDC File [c:/larry_delivery/Latest/Latest.gen/sources_1/bd/design_1/ip/design_1_master_custom_v1_0_M_0_0/design_1_master_custom_v1_0_M_0_0/design_1_master_custom_v1_0_M_0_0_in_context.xdc] for cell 'design_1_i/master_custom_v1_0_M_0'
Parsing XDC File [c:/larry_delivery/Latest/Latest.gen/sources_1/bd/design_1/ip/design_1_custom_slave_v1_0_S0_0_0/design_1_custom_slave_v1_0_S0_0_0/design_1_custom_slave_v1_0_S0_0_0_in_context.xdc] for cell 'design_1_i/custom_slave_v1_0_S0_0'
Finished Parsing XDC File [c:/larry_delivery/Latest/Latest.gen/sources_1/bd/design_1/ip/design_1_custom_slave_v1_0_S0_0_0/design_1_custom_slave_v1_0_S0_0_0/design_1_custom_slave_v1_0_S0_0_0_in_context.xdc] for cell 'design_1_i/custom_slave_v1_0_S0_0'
Parsing XDC File [c:/larry_delivery/Latest/Latest.gen/sources_1/bd/design_1/ip/design_1_axi_vip_0_0/design_1_axi_vip_0_0/design_1_axi_vip_0_0_in_context.xdc] for cell 'design_1_i/axi_vip_0'
Finished Parsing XDC File [c:/larry_delivery/Latest/Latest.gen/sources_1/bd/design_1/ip/design_1_axi_vip_0_0/design_1_axi_vip_0_0/design_1_axi_vip_0_0_in_context.xdc] for cell 'design_1_i/axi_vip_0'
Parsing XDC File [C:/larry_delivery/Latest/Latest.srcs/constrs_1/new/design_1_wrapper.xdc]
Finished Parsing XDC File [C:/larry_delivery/Latest/Latest.srcs/constrs_1/new/design_1_wrapper.xdc]
INFO: [Project 1-236] Implementation specific constraints were found while reading constraint file [C:/larry_delivery/Latest/Latest.srcs/constrs_1/new/design_1_wrapper.xdc]. These constraints will be ignored for synthesis but will be used in implementation. Impacted constraints are listed in the file [.Xil/design_1_wrapper_propImpl.xdc].
Resolution: To avoid this warning, move constraints listed in [.Xil/design_1_wrapper_propImpl.xdc] to another XDC file and exclude this new file from synthesis with the used_in_synthesis property (File Properties dialog in GUI) and re-run elaboration/synthesis.
Parsing XDC File [C:/larry_delivery/Latest/Latest.runs/synth_1/dont_touch.xdc]
Finished Parsing XDC File [C:/larry_delivery/Latest/Latest.runs/synth_1/dont_touch.xdc]
Completed Processing XDC Constraints

Netlist sorting complete. Time (s): cpu = 00:00:00 ; elapsed = 00:00:00 . Memory (MB): peak = 2192.156 ; gain = 0.000
INFO: [Project 1-111] Unisim Transformation Summary:
No Unisim elements were transformed.

The system cannot find the path specified.
Constraint Validation Runtime : Time (s): cpu = 00:00:00 ; elapsed = 00:00:00.010 . Memory (MB): peak = 2192.156 ; gain = 0.000
INFO: [Designutils 20-5440] No compile time benefit to using incremental synthesis; A full resynthesis will be run
INFO: [Designutils 20-4379] Flow is switching to default flow due to incremental criteria not met. If you would like to alter this behaviour and have the flow terminate instead, please set the following parameter config_implementation {autoIncr.Synth.RejectBehavior Terminate}
---------------------------------------------------------------------------------
Finished Constraint Validation : Time (s): cpu = 00:00:15 ; elapsed = 00:00:18 . Memory (MB): peak = 2192.156 ; gain = 500.824
---------------------------------------------------------------------------------
---------------------------------------------------------------------------------
Start Loading Part and Timing Information
---------------------------------------------------------------------------------
Loading part: xczu9eg-ffvb1156-2-e
INFO: [Synth 8-6742] Reading net delay rules and data
---------------------------------------------------------------------------------
Finished Loading Part and Timing Information : Time (s): cpu = 00:00:15 ; elapsed = 00:00:18 . Memory (MB): peak = 2192.156 ; gain = 500.824
---------------------------------------------------------------------------------
---------------------------------------------------------------------------------
Start Applying 'set_property' XDC Constraints
---------------------------------------------------------------------------------
Applied set_property KEEP_HIERARCHY = SOFT for design_1_i. (constraint file  auto generated constraint).
Applied set_property KEEP_HIERARCHY = SOFT for design_1_i/zynq_ultra_ps_e_0. (constraint file  auto generated constraint).
Applied set_property KEEP_HIERARCHY = SOFT for design_1_i/rst_ps8_0_99M. (constraint file  auto generated constraint).
Applied set_property KEEP_HIERARCHY = SOFT for design_1_i/ps8_0_axi_periph. (constraint file  auto generated constraint).
Applied set_property KEEP_HIERARCHY = SOFT for design_1_i/fifo_generator_0. (constraint file  auto generated constraint).
Applied set_property KEEP_HIERARCHY = SOFT for design_1_i/util_vector_logic_0. (constraint file  auto generated constraint).
Applied set_property KEEP_HIERARCHY = SOFT for design_1_i/util_vector_logic_1. (constraint file  auto generated constraint).
Applied set_property KEEP_HIERARCHY = SOFT for design_1_i/c_counter_binary_0. (constraint file  auto generated constraint).
Applied set_property KEEP_HIERARCHY = SOFT for design_1_i/util_reduced_logic_0. (constraint file  auto generated constraint).
Applied set_property KEEP_HIERARCHY = SOFT for design_1_i/util_vector_logic_2. (constraint file  auto generated constraint).
Applied set_property KEEP_HIERARCHY = SOFT for design_1_i/fifo_generator_1. (constraint file  auto generated constraint).
Applied set_property KEEP_HIERARCHY = SOFT for design_1_i/util_vector_logic_3. (constraint file  auto generated constraint).
Applied set_property KEEP_HIERARCHY = SOFT for design_1_i/system_ila_0. (constraint file  auto generated constraint).
Applied set_property KEEP_HIERARCHY = SOFT for design_1_i/system_ila_1. (constraint file  auto generated constraint).
Applied set_property KEEP_HIERARCHY = SOFT for design_1_i/util_vector_logic_4. (constraint file  auto generated constraint).
Applied set_property KEEP_HIERARCHY = SOFT for design_1_i/master_custom_v1_0_M_0. (constraint file  auto generated constraint).
Applied set_property KEEP_HIERARCHY = SOFT for design_1_i/custom_slave_v1_0_S0_0. (constraint file  auto generated constraint).
Applied set_property KEEP_HIERARCHY = SOFT for design_1_i/axi_vip_0. (constraint file  auto generated constraint).
---------------------------------------------------------------------------------
Finished applying 'set_property' XDC Constraints : Time (s): cpu = 00:00:15 ; elapsed = 00:00:18 . Memory (MB): peak = 2192.156 ; gain = 500.824
---------------------------------------------------------------------------------
---------------------------------------------------------------------------------
Finished RTL Optimization Phase 2 : Time (s): cpu = 00:00:15 ; elapsed = 00:00:18 . Memory (MB): peak = 2192.156 ; gain = 500.824
---------------------------------------------------------------------------------
---------------------------------------------------------------------------------
Start RTL Component Statistics 
---------------------------------------------------------------------------------
Detailed RTL Component Info : 
---------------------------------------------------------------------------------
Finished RTL Component Statistics 
---------------------------------------------------------------------------------
---------------------------------------------------------------------------------
Start Part Resource Summary
---------------------------------------------------------------------------------
Part Resources:
DSPs: 2520 (col length:168)
BRAMs: 1824 (col length: RAMB18 168 RAMB36 84)
---------------------------------------------------------------------------------
Finished Part Resource Summary
---------------------------------------------------------------------------------
---------------------------------------------------------------------------------
Start Cross Boundary and Area Optimization
---------------------------------------------------------------------------------
WARNING: [Synth 8-7080] Parallel synthesis criteria is not met
WARNING: [Synth 8-7129] Port ACLK in module design_1_ps8_0_axi_periph_0 is either unconnected or has no load
WARNING: [Synth 8-7129] Port ARESETN in module design_1_ps8_0_axi_periph_0 is either unconnected or has no load
WARNING: [Synth 8-7129] Port M00_ACLK in module design_1_ps8_0_axi_periph_0 is either unconnected or has no load
WARNING: [Synth 8-7129] Port M00_ARESETN in module design_1_ps8_0_axi_periph_0 is either unconnected or has no load
WARNING: [Synth 8-7129] Port S00_ACLK in module design_1_ps8_0_axi_periph_0 is either unconnected or has no load
WARNING: [Synth 8-7129] Port S00_ARESETN in module design_1_ps8_0_axi_periph_0 is either unconnected or has no load
---------------------------------------------------------------------------------
Finished Cross Boundary and Area Optimization : Time (s): cpu = 00:00:17 ; elapsed = 00:00:19 . Memory (MB): peak = 2192.156 ; gain = 500.824
---------------------------------------------------------------------------------
---------------------------------------------------------------------------------
Start Applying XDC Timing Constraints
---------------------------------------------------------------------------------
---------------------------------------------------------------------------------
Finished Applying XDC Timing Constraints : Time (s): cpu = 00:00:26 ; elapsed = 00:00:30 . Memory (MB): peak = 2737.949 ; gain = 1046.617
---------------------------------------------------------------------------------
---------------------------------------------------------------------------------
Start Timing Optimization
---------------------------------------------------------------------------------
---------------------------------------------------------------------------------
Finished Timing Optimization : Time (s): cpu = 00:00:26 ; elapsed = 00:00:30 . Memory (MB): peak = 2738.461 ; gain = 1047.129
---------------------------------------------------------------------------------
---------------------------------------------------------------------------------
Start Technology Mapping
---------------------------------------------------------------------------------
---------------------------------------------------------------------------------
Finished Technology Mapping : Time (s): cpu = 00:00:26 ; elapsed = 00:00:30 . Memory (MB): peak = 2749.547 ; gain = 1058.215
---------------------------------------------------------------------------------
---------------------------------------------------------------------------------
Start IO Insertion
---------------------------------------------------------------------------------
---------------------------------------------------------------------------------
Start Flattening Before IO Insertion
---------------------------------------------------------------------------------
---------------------------------------------------------------------------------
Finished Flattening Before IO Insertion
---------------------------------------------------------------------------------
---------------------------------------------------------------------------------
Start Final Netlist Cleanup
---------------------------------------------------------------------------------
---------------------------------------------------------------------------------
Finished Final Netlist Cleanup
---------------------------------------------------------------------------------
---------------------------------------------------------------------------------
Finished IO Insertion : Time (s): cpu = 00:00:29 ; elapsed = 00:00:34 . Memory (MB): peak = 2764.340 ; gain = 1073.008
---------------------------------------------------------------------------------
---------------------------------------------------------------------------------
Start Renaming Generated Instances
---------------------------------------------------------------------------------
---------------------------------------------------------------------------------
Finished Renaming Generated Instances : Time (s): cpu = 00:00:29 ; elapsed = 00:00:34 . Memory (MB): peak = 2764.340 ; gain = 1073.008
---------------------------------------------------------------------------------
---------------------------------------------------------------------------------
Start Rebuilding User Hierarchy
---------------------------------------------------------------------------------
---------------------------------------------------------------------------------
Finished Rebuilding User Hierarchy : Time (s): cpu = 00:00:29 ; elapsed = 00:00:34 . Memory (MB): peak = 2764.340 ; gain = 1073.008
---------------------------------------------------------------------------------
---------------------------------------------------------------------------------
Start Renaming Generated Ports
---------------------------------------------------------------------------------
---------------------------------------------------------------------------------
Finished Renaming Generated Ports : Time (s): cpu = 00:00:29 ; elapsed = 00:00:34 . Memory (MB): peak = 2764.340 ; gain = 1073.008
---------------------------------------------------------------------------------
---------------------------------------------------------------------------------
Start Handling Custom Attributes
---------------------------------------------------------------------------------
---------------------------------------------------------------------------------
Finished Handling Custom Attributes : Time (s): cpu = 00:00:29 ; elapsed = 00:00:34 . Memory (MB): peak = 2764.340 ; gain = 1073.008
---------------------------------------------------------------------------------
---------------------------------------------------------------------------------
Start Renaming Generated Nets
---------------------------------------------------------------------------------
---------------------------------------------------------------------------------
Finished Renaming Generated Nets : Time (s): cpu = 00:00:29 ; elapsed = 00:00:34 . Memory (MB): peak = 2764.340 ; gain = 1073.008
---------------------------------------------------------------------------------
---------------------------------------------------------------------------------
Start Writing Synthesis Report
---------------------------------------------------------------------------------

Report BlackBoxes: 
+------+----------------------------------+----------+
|      |BlackBox name                     |Instances |
+------+----------------------------------+----------+
|1     |design_1_axi_vip_0_0              |         1|
|2     |design_1_c_counter_binary_0_0     |         1|
|3     |design_1_custom_slave_v1_0_S0_0_0 |         1|
|4     |design_1_fifo_generator_0_0       |         1|
|5     |design_1_fifo_generator_0_1       |         1|
|6     |design_1_master_custom_v1_0_M_0_0 |         1|
|7     |design_1_rst_ps8_0_99M_0          |         1|
|8     |design_1_system_ila_0_1           |         1|
|9     |design_1_system_ila_1_1           |         1|
|10    |design_1_util_reduced_logic_0_0   |         1|
|11    |design_1_util_vector_logic_0_0    |         1|
|12    |design_1_util_vector_logic_1_0    |         1|
|13    |design_1_util_vector_logic_2_0    |         1|
|14    |design_1_util_vector_logic_0_1    |         1|
|15    |design_1_util_vector_logic_4_0    |         1|
|16    |design_1_zynq_ultra_ps_e_0_0      |         1|
+------+----------------------------------+----------+

Report Cell Usage: 
+------+--------------------------------+------+
|      |Cell                            |Count |
+------+--------------------------------+------+
|1     |design_1_axi_vip_0              |     1|
|2     |design_1_c_counter_binary_0     |     1|
|3     |design_1_custom_slave_v1_0_S0_0 |     1|
|4     |design_1_fifo_generator_0       |     2|
|6     |design_1_master_custom_v1_0_M_0 |     1|
|7     |design_1_rst_ps8_0_99M          |     1|
|8     |design_1_system_ila_0           |     1|
|9     |design_1_system_ila_1           |     1|
|10    |design_1_util_reduced_logic_0   |     1|
|11    |design_1_util_vector_logic_0    |     2|
|13    |design_1_util_vector_logic_1    |     1|
|14    |design_1_util_vector_logic_2    |     1|
|15    |design_1_util_vector_logic_4    |     1|
|16    |design_1_zynq_ultra_ps_e_0      |     1|
|17    |OBUF                            |   256|
+------+--------------------------------+------+
---------------------------------------------------------------------------------
Finished Writing Synthesis Report : Time (s): cpu = 00:00:29 ; elapsed = 00:00:34 . Memory (MB): peak = 2764.340 ; gain = 1073.008
---------------------------------------------------------------------------------
Synthesis finished with 0 errors, 0 critical warnings and 7 warnings.
Synthesis Optimization Runtime : Time (s): cpu = 00:00:18 ; elapsed = 00:00:28 . Memory (MB): peak = 2764.340 ; gain = 1073.008
Synthesis Optimization Complete : Time (s): cpu = 00:00:29 ; elapsed = 00:00:34 . Memory (MB): peak = 2764.340 ; gain = 1073.008
INFO: [Project 1-571] Translating synthesized netlist
Netlist sorting complete. Time (s): cpu = 00:00:00 ; elapsed = 00:00:00.015 . Memory (MB): peak = 2776.367 ; gain = 0.000
INFO: [Project 1-570] Preparing netlist for logic optimization
INFO: [Opt 31-138] Pushed 0 inverter(s) to 0 load pin(s).
Netlist sorting complete. Time (s): cpu = 00:00:00 ; elapsed = 00:00:00 . Memory (MB): peak = 2819.152 ; gain = 0.000
INFO: [Project 1-111] Unisim Transformation Summary:
No Unisim elements were transformed.

The system cannot find the path specified.
Synth Design complete | Checksum: ad797ff0
INFO: [Common 17-83] Releasing license: Synthesis
73 Infos, 78 Warnings, 0 Critical Warnings and 0 Errors encountered.
synth_design completed successfully
synth_design: Time (s): cpu = 00:00:35 ; elapsed = 00:00:42 . Memory (MB): peak = 2819.152 ; gain = 2131.922
Write ShapeDB Complete: Time (s): cpu = 00:00:00 ; elapsed = 00:00:00.004 . Memory (MB): peak = 2819.152 ; gain = 0.000
INFO: [Common 17-1381] The checkpoint 'C:/larry_delivery/Latest/Latest.runs/synth_1/design_1_wrapper.dcp' has been generated.
INFO: [runtcl-4] Executing : report_utilization -file design_1_wrapper_utilization_synth.rpt -pb design_1_wrapper_utilization_synth.pb
INFO: [Common 17-206] Exiting Vivado at Sun Mar 31 16:20:19 2024...
