
*** Running vivado
    with args -log design_1_util_vector_logic_4_0.vds -m64 -product Vivado -mode batch -messageDb vivado.pb -notrace -source design_1_util_vector_logic_4_0.tcl



****** Vivado v2023.2 (64-bit)
  **** SW Build 4029153 on Fri Oct 13 20:14:34 MDT 2023
  **** IP Build 4028589 on Sat Oct 14 00:45:43 MDT 2023
  **** SharedData Build 4025554 on Tue Oct 10 17:18:54 MDT 2023
    ** Copyright 1986-2022 Xilinx, Inc. All Rights Reserved.
    ** Copyright 2022-2023 Advanced Micro Devices, Inc. All Rights Reserved.

source design_1_util_vector_logic_4_0.tcl -notrace
WARNING: [Common 17-1361] You have specified a new message control rule that is equivalent to an existing rule with attributes ' -id {[BD 41-1271]}  -suppress '. The existing rule will be replaced.
WARNING: [Common 17-1361] You have specified a new message control rule that is equivalent to an existing rule with attributes ' -id {[BD 41-1306]}  -suppress '. The existing rule will be replaced.
WARNING: [Common 17-1361] You have specified a new message control rule that is equivalent to an existing rule with attributes ' -id {[BD 41-1271]}  -suppress '. The existing rule will be replaced.
WARNING: [Common 17-1361] You have specified a new message control rule that is equivalent to an existing rule with attributes ' -id {[BD 41-1306]}  -suppress '. The existing rule will be replaced.
create_project: Time (s): cpu = 00:00:04 ; elapsed = 00:00:06 . Memory (MB): peak = 584.102 ; gain = 181.684
INFO: [IP_Flow 19-234] Refreshing IP repositories
INFO: [IP_Flow 19-1700] Loaded user IP repository 'c:/Test_masterDDR/ip_repo/custom_slave_1_0'.
INFO: [IP_Flow 19-1700] Loaded user IP repository 'c:/ip_repo/master_custom_1_0'.
INFO: [IP_Flow 19-1700] Loaded user IP repository 'c:/ZynqMP-ACP-Adapter-master'.
INFO: [IP_Flow 19-2313] Loaded Vivado IP repository 'C:/Xilinx/Vivado/2023.2/data/ip'.
INFO: [IP_Flow 19-6924] IPCACHE: Running cache check for IP inst: design_1_util_vector_logic_4_0
INFO: [IP_Flow 19-6922] IPCACHE: Exporting cached entry 74d84198d6b2b2ea to dir: C:/larry_delivery/Latest/Latest.runs/design_1_util_vector_logic_4_0_synth_1
INFO: [IP_Flow 19-6928] IPCACHE: copied cached file c:/larry_delivery/Latest/Latest.cache/ip/2023.2/7/4/74d84198d6b2b2ea/design_1_util_vector_logic_1_0.dcp to C:/larry_delivery/Latest/Latest.runs/design_1_util_vector_logic_4_0_synth_1/design_1_util_vector_logic_4_0.dcp.
INFO: [IP_Flow 19-6928] IPCACHE: copied cached file c:/larry_delivery/Latest/Latest.cache/ip/2023.2/7/4/74d84198d6b2b2ea/design_1_util_vector_logic_1_0_sim_netlist.v to C:/larry_delivery/Latest/Latest.runs/design_1_util_vector_logic_4_0_synth_1/design_1_util_vector_logic_4_0_sim_netlist.v.
INFO: [IP_Flow 19-6928] IPCACHE: copied cached file c:/larry_delivery/Latest/Latest.cache/ip/2023.2/7/4/74d84198d6b2b2ea/design_1_util_vector_logic_1_0_sim_netlist.vhdl to C:/larry_delivery/Latest/Latest.runs/design_1_util_vector_logic_4_0_synth_1/design_1_util_vector_logic_4_0_sim_netlist.vhdl.
INFO: [IP_Flow 19-6928] IPCACHE: copied cached file c:/larry_delivery/Latest/Latest.cache/ip/2023.2/7/4/74d84198d6b2b2ea/design_1_util_vector_logic_1_0_stub.v to C:/larry_delivery/Latest/Latest.runs/design_1_util_vector_logic_4_0_synth_1/design_1_util_vector_logic_4_0_stub.v.
INFO: [IP_Flow 19-6928] IPCACHE: copied cached file c:/larry_delivery/Latest/Latest.cache/ip/2023.2/7/4/74d84198d6b2b2ea/design_1_util_vector_logic_1_0_stub.vhdl to C:/larry_delivery/Latest/Latest.runs/design_1_util_vector_logic_4_0_synth_1/design_1_util_vector_logic_4_0_stub.vhdl.
INFO: [IP_Flow 19-4838] Using cached IP synthesis design for IP design_1_util_vector_logic_4_0, cache-ID = 74d84198d6b2b2ea.
INFO: [Common 17-206] Exiting Vivado at Wed Mar 27 14:17:57 2024...
