INFO: [VRFC 10-2263] Analyzing Verilog file "C:/larry_delivery/custom_master_ip/hdl/master_custom_v1_0_M00_AXI.v" into library xil_defaultlib
INFO: [VRFC 10-311] analyzing module master_custom_v1_0_M00_AXI
INFO: [VRFC 10-2263] Analyzing SystemVerilog file "C:/larry_delivery/Driver/driver_cntrl.v" into library xil_defaultlib
INFO: [VRFC 10-311] analyzing module driver_cntrl
INFO: [VRFC 10-2263] Analyzing SystemVerilog file "C:/larry_delivery/Driver/driver_monitor.v" into library xil_defaultlib
INFO: [VRFC 10-311] analyzing module driver_monitor
INFO: [VRFC 10-2263] Analyzing SystemVerilog file "C:/larry_delivery/custom_slave_ip/hdl/custom_slave_v1_0_S00_AXI.v" into library xil_defaultlib
INFO: [VRFC 10-311] analyzing module custom_slave_v1_0_S00_AXI
WARNING: [VRFC 10-634] event expressions must result in a singular type [C:/larry_delivery/custom_slave_ip/hdl/custom_slave_v1_0_S00_AXI.v:607]
INFO: [VRFC 10-311] analyzing module driver
INFO: [VRFC 10-2263] Analyzing Verilog file "C:/larry_delivery/Latest/Latest.ip_user_files/bd/design_1/ip/design_1_zynq_ultra_ps_e_0_0/sim/design_1_zynq_ultra_ps_e_0_0_vip_wrapper.v" into library xil_defaultlib
INFO: [VRFC 10-311] analyzing module design_1_zynq_ultra_ps_e_0_0
INFO: [VRFC 10-2263] Analyzing Verilog file "C:/larry_delivery/Latest/Latest.ip_user_files/bd/design_1/ip/design_1_fifo_generator_0_0/sim/design_1_fifo_generator_0_0.v" into library xil_defaultlib
INFO: [VRFC 10-311] analyzing module design_1_fifo_generator_0_0
INFO: [VRFC 10-2263] Analyzing Verilog file "C:/larry_delivery/Latest/Latest.ip_user_files/bd/design_1/ip/design_1_util_vector_logic_0_0/sim/design_1_util_vector_logic_0_0.v" into library xil_defaultlib
INFO: [VRFC 10-311] analyzing module design_1_util_vector_logic_0_0
INFO: [VRFC 10-2263] Analyzing Verilog file "C:/larry_delivery/Latest/Latest.ip_user_files/bd/design_1/ip/design_1_util_vector_logic_1_0/sim/design_1_util_vector_logic_1_0.v" into library xil_defaultlib
INFO: [VRFC 10-311] analyzing module design_1_util_vector_logic_1_0
INFO: [VRFC 10-2263] Analyzing Verilog file "C:/larry_delivery/Latest/Latest.ip_user_files/bd/design_1/ip/design_1_util_reduced_logic_0_0/sim/design_1_util_reduced_logic_0_0.v" into library xil_defaultlib
INFO: [VRFC 10-311] analyzing module design_1_util_reduced_logic_0_0
INFO: [VRFC 10-2263] Analyzing Verilog file "C:/larry_delivery/Latest/Latest.ip_user_files/bd/design_1/ip/design_1_util_vector_logic_2_0/sim/design_1_util_vector_logic_2_0.v" into library xil_defaultlib
INFO: [VRFC 10-311] analyzing module design_1_util_vector_logic_2_0
INFO: [VRFC 10-2263] Analyzing Verilog file "C:/larry_delivery/Latest/Latest.ip_user_files/bd/design_1/ip/design_1_fifo_generator_0_1/sim/design_1_fifo_generator_0_1.v" into library xil_defaultlib
INFO: [VRFC 10-311] analyzing module design_1_fifo_generator_0_1
INFO: [VRFC 10-2263] Analyzing Verilog file "C:/larry_delivery/Latest/Latest.ip_user_files/bd/design_1/ip/design_1_util_vector_logic_0_1/sim/design_1_util_vector_logic_0_1.v" into library xil_defaultlib
INFO: [VRFC 10-311] analyzing module design_1_util_vector_logic_0_1
INFO: [VRFC 10-2263] Analyzing Verilog file "C:/larry_delivery/Latest/Latest.ip_user_files/bd/design_1/ip/design_1_system_ila_0_1/bd_0/ip/ip_0/sim/bd_36cd_ila_lib_0.v" into library xil_defaultlib
INFO: [VRFC 10-311] analyzing module bd_36cd_ila_lib_0
INFO: [VRFC 10-2263] Analyzing Verilog file "C:/larry_delivery/Latest/Latest.ip_user_files/bd/design_1/ip/design_1_system_ila_0_1/bd_0/ip/ip_1/bd_36cd_g_inst_0_gigantic_mux.v" into library xil_defaultlib
INFO: [VRFC 10-311] analyzing module bd_36cd_g_inst_0_gigantic_mux
INFO: [VRFC 10-2263] Analyzing Verilog file "C:/larry_delivery/Latest/Latest.ip_user_files/bd/design_1/ip/design_1_system_ila_0_1/bd_0/ip/ip_1/sim/bd_36cd_g_inst_0.v" into library xil_defaultlib
INFO: [VRFC 10-311] analyzing module bd_36cd_g_inst_0
INFO: [VRFC 10-2263] Analyzing Verilog file "C:/larry_delivery/Latest/Latest.ip_user_files/bd/design_1/ip/design_1_system_ila_0_1/bd_0/ip/ip_2/sim/bd_36cd_slot_0_aw_0.v" into library xil_defaultlib
INFO: [VRFC 10-311] analyzing module bd_36cd_slot_0_aw_0
INFO: [VRFC 10-2263] Analyzing Verilog file "C:/larry_delivery/Latest/Latest.ip_user_files/bd/design_1/ip/design_1_system_ila_0_1/bd_0/ip/ip_3/sim/bd_36cd_slot_0_w_0.v" into library xil_defaultlib
INFO: [VRFC 10-311] analyzing module bd_36cd_slot_0_w_0
INFO: [VRFC 10-2263] Analyzing Verilog file "C:/larry_delivery/Latest/Latest.ip_user_files/bd/design_1/ip/design_1_system_ila_0_1/bd_0/ip/ip_4/sim/bd_36cd_slot_0_b_0.v" into library xil_defaultlib
INFO: [VRFC 10-311] analyzing module bd_36cd_slot_0_b_0
INFO: [VRFC 10-2263] Analyzing Verilog file "C:/larry_delivery/Latest/Latest.ip_user_files/bd/design_1/ip/design_1_system_ila_0_1/bd_0/ip/ip_5/sim/bd_36cd_slot_0_ar_0.v" into library xil_defaultlib
INFO: [VRFC 10-311] analyzing module bd_36cd_slot_0_ar_0
INFO: [VRFC 10-2263] Analyzing Verilog file "C:/larry_delivery/Latest/Latest.ip_user_files/bd/design_1/ip/design_1_system_ila_0_1/bd_0/ip/ip_6/sim/bd_36cd_slot_0_r_0.v" into library xil_defaultlib
INFO: [VRFC 10-311] analyzing module bd_36cd_slot_0_r_0
INFO: [VRFC 10-2263] Analyzing Verilog file "C:/larry_delivery/Latest/Latest.ip_user_files/bd/design_1/ip/design_1_system_ila_0_1/bd_0/sim/bd_36cd.v" into library xil_defaultlib
INFO: [VRFC 10-311] analyzing module bd_36cd
INFO: [VRFC 10-2263] Analyzing Verilog file "C:/larry_delivery/Latest/Latest.ip_user_files/bd/design_1/ip/design_1_system_ila_0_1/sim/design_1_system_ila_0_1.v" into library xil_defaultlib
INFO: [VRFC 10-311] analyzing module design_1_system_ila_0_1
INFO: [VRFC 10-2263] Analyzing Verilog file "C:/larry_delivery/Latest/Latest.ip_user_files/bd/design_1/ip/design_1_system_ila_1_1/bd_0/ip/ip_0/sim/bd_f69c_ila_lib_0.v" into library xil_defaultlib
INFO: [VRFC 10-311] analyzing module bd_f69c_ila_lib_0
INFO: [VRFC 10-2263] Analyzing Verilog file "C:/larry_delivery/Latest/Latest.ip_user_files/bd/design_1/ip/design_1_system_ila_1_1/bd_0/ip/ip_1/bd_f69c_g_inst_0_gigantic_mux.v" into library xil_defaultlib
INFO: [VRFC 10-311] analyzing module bd_f69c_g_inst_0_gigantic_mux
INFO: [VRFC 10-2263] Analyzing Verilog file "C:/larry_delivery/Latest/Latest.ip_user_files/bd/design_1/ip/design_1_system_ila_1_1/bd_0/ip/ip_1/sim/bd_f69c_g_inst_0.v" into library xil_defaultlib
INFO: [VRFC 10-311] analyzing module bd_f69c_g_inst_0
INFO: [VRFC 10-2263] Analyzing Verilog file "C:/larry_delivery/Latest/Latest.ip_user_files/bd/design_1/ip/design_1_system_ila_1_1/bd_0/ip/ip_2/sim/bd_f69c_slot_0_aw_0.v" into library xil_defaultlib
INFO: [VRFC 10-311] analyzing module bd_f69c_slot_0_aw_0
INFO: [VRFC 10-2263] Analyzing Verilog file "C:/larry_delivery/Latest/Latest.ip_user_files/bd/design_1/ip/design_1_system_ila_1_1/bd_0/ip/ip_3/sim/bd_f69c_slot_0_w_0.v" into library xil_defaultlib
INFO: [VRFC 10-311] analyzing module bd_f69c_slot_0_w_0
INFO: [VRFC 10-2263] Analyzing Verilog file "C:/larry_delivery/Latest/Latest.ip_user_files/bd/design_1/ip/design_1_system_ila_1_1/bd_0/ip/ip_4/sim/bd_f69c_slot_0_b_0.v" into library xil_defaultlib
INFO: [VRFC 10-311] analyzing module bd_f69c_slot_0_b_0
INFO: [VRFC 10-2263] Analyzing Verilog file "C:/larry_delivery/Latest/Latest.ip_user_files/bd/design_1/ip/design_1_system_ila_1_1/bd_0/ip/ip_5/sim/bd_f69c_slot_0_ar_0.v" into library xil_defaultlib
INFO: [VRFC 10-311] analyzing module bd_f69c_slot_0_ar_0
INFO: [VRFC 10-2263] Analyzing Verilog file "C:/larry_delivery/Latest/Latest.ip_user_files/bd/design_1/ip/design_1_system_ila_1_1/bd_0/ip/ip_6/sim/bd_f69c_slot_0_r_0.v" into library xil_defaultlib
INFO: [VRFC 10-311] analyzing module bd_f69c_slot_0_r_0
INFO: [VRFC 10-2263] Analyzing Verilog file "C:/larry_delivery/Latest/Latest.ip_user_files/bd/design_1/ip/design_1_system_ila_1_1/bd_0/sim/bd_f69c.v" into library xil_defaultlib
INFO: [VRFC 10-311] analyzing module bd_f69c
INFO: [VRFC 10-2263] Analyzing Verilog file "C:/larry_delivery/Latest/Latest.ip_user_files/bd/design_1/ip/design_1_system_ila_1_1/sim/design_1_system_ila_1_1.v" into library xil_defaultlib
INFO: [VRFC 10-311] analyzing module design_1_system_ila_1_1
INFO: [VRFC 10-2263] Analyzing Verilog file "C:/larry_delivery/Latest/Latest.ip_user_files/bd/design_1/ip/design_1_util_vector_logic_4_0/sim/design_1_util_vector_logic_4_0.v" into library xil_defaultlib
INFO: [VRFC 10-311] analyzing module design_1_util_vector_logic_4_0
INFO: [VRFC 10-2263] Analyzing Verilog file "C:/larry_delivery/Latest/Latest.ip_user_files/bd/design_1/ip/design_1_master_custom_v1_0_M_0_0/sim/design_1_master_custom_v1_0_M_0_0.v" into library xil_defaultlib
INFO: [VRFC 10-311] analyzing module design_1_master_custom_v1_0_M_0_0
INFO: [VRFC 10-2263] Analyzing Verilog file "C:/larry_delivery/Latest/Latest.ip_user_files/bd/design_1/ip/design_1_custom_slave_v1_0_S0_0_0/sim/design_1_custom_slave_v1_0_S0_0_0.v" into library xil_defaultlib
INFO: [VRFC 10-311] analyzing module design_1_custom_slave_v1_0_S0_0_0
INFO: [VRFC 10-2263] Analyzing Verilog file "C:/larry_delivery/Latest/Latest.ip_user_files/bd/design_1/sim/design_1.v" into library xil_defaultlib
INFO: [VRFC 10-311] analyzing module design_1
INFO: [VRFC 10-311] analyzing module design_1_ps8_0_axi_periph_0
INFO: [VRFC 10-311] analyzing module s00_couplers_imp_1A7ZMW4
INFO: [VRFC 10-2263] Analyzing Verilog file "C:/larry_delivery/Latest/Latest.gen/sources_1/bd/design_1/hdl/design_1_wrapper.v" into library xil_defaultlib
INFO: [VRFC 10-311] analyzing module design_1_wrapper
