Vivado Simulator v2023.2
Copyright 1986-2022 Xilinx, Inc. All Rights Reserved.
Copyright 2022-2023 Advanced Micro Devices, Inc. All Rights Reserved.
Running: C:/Xilinx/Vivado/2023.2/bin/unwrapped/win64.o/xelab.exe --incr --debug typical --relax --mt 2 -L xil_defaultlib -L axi_infrastructure_v1_1_0 -L axi_vip_v1_1_15 -L zynq_ultra_ps_e_vip_v1_0_15 -L lib_cdc_v1_0_2 -L proc_sys_reset_v5_0_14 -L fifo_generator_v13_2_9 -L util_vector_logic_v2_0_3 -L xbip_utils_v3_0_11 -L c_reg_fd_v12_0_7 -L xbip_dsp48_wrapper_v3_0_5 -L xbip_pipe_v3_0_7 -L xbip_dsp48_addsub_v3_0_7 -L xbip_addsub_v3_0_7 -L c_addsub_v12_0_16 -L c_gate_bit_v12_0_7 -L xbip_counter_v3_0_7 -L c_counter_binary_v12_0_17 -L util_reduced_logic_v2_0_5 -L gigantic_mux -L xlconcat_v2_1_5 -L uvm -L xilinx_vip -L unisims_ver -L unimacro_ver -L secureip -L xpm --snapshot testbench_behav xil_defaultlib.testbench xil_defaultlib.glbl -log elaborate.log 
Using 2 slave threads.
Starting static elaboration
Pass Through NonSizing Optimizer
WARNING: [VRFC 10-3091] actual bit length 1 differs from formal bit length 2 for port 'S_AXI_AWUSER' [C:/larry_delivery/Latest/Latest.ip_user_files/bd/design_1/ip/design_1_custom_slave_v1_0_S0_0_0/sim/design_1_custom_slave_v1_0_S0_0_0.v:240]
WARNING: [VRFC 10-3091] actual bit length 1 differs from formal bit length 2 for port 'S_AXI_BUSER' [C:/larry_delivery/Latest/Latest.ip_user_files/bd/design_1/ip/design_1_custom_slave_v1_0_S0_0_0/sim/design_1_custom_slave_v1_0_S0_0_0.v:251]
WARNING: [VRFC 10-3091] actual bit length 1 differs from formal bit length 2 for port 'S_AXI_ARUSER' [C:/larry_delivery/Latest/Latest.ip_user_files/bd/design_1/ip/design_1_custom_slave_v1_0_S0_0_0/sim/design_1_custom_slave_v1_0_S0_0_0.v:264]
WARNING: [VRFC 10-3091] actual bit length 32 differs from formal bit length 4 for port 'slot_1_axi_awcache' [C:/larry_delivery/Latest/Latest.ip_user_files/bd/design_1/ip/design_1_system_ila_0_1/bd_0/ip/ip_1/sim/bd_36cd_g_inst_0.v:2381]
WARNING: [VRFC 10-3091] actual bit length 32 differs from formal bit length 4 for port 'slot_1_axi_arcache' [C:/larry_delivery/Latest/Latest.ip_user_files/bd/design_1/ip/design_1_system_ila_0_1/bd_0/ip/ip_1/sim/bd_36cd_g_inst_0.v:2399]
WARNING: [VRFC 10-3091] actual bit length 32 differs from formal bit length 4 for port 'slot_2_axi_awcache' [C:/larry_delivery/Latest/Latest.ip_user_files/bd/design_1/ip/design_1_system_ila_0_1/bd_0/ip/ip_1/sim/bd_36cd_g_inst_0.v:2425]
WARNING: [VRFC 10-3091] actual bit length 32 differs from formal bit length 4 for port 'slot_2_axi_arcache' [C:/larry_delivery/Latest/Latest.ip_user_files/bd/design_1/ip/design_1_system_ila_0_1/bd_0/ip/ip_1/sim/bd_36cd_g_inst_0.v:2443]
WARNING: [VRFC 10-3091] actual bit length 32 differs from formal bit length 4 for port 'slot_3_axi_awcache' [C:/larry_delivery/Latest/Latest.ip_user_files/bd/design_1/ip/design_1_system_ila_0_1/bd_0/ip/ip_1/sim/bd_36cd_g_inst_0.v:2469]
WARNING: [VRFC 10-3091] actual bit length 32 differs from formal bit length 4 for port 'slot_3_axi_arcache' [C:/larry_delivery/Latest/Latest.ip_user_files/bd/design_1/ip/design_1_system_ila_0_1/bd_0/ip/ip_1/sim/bd_36cd_g_inst_0.v:2487]
WARNING: [VRFC 10-3091] actual bit length 32 differs from formal bit length 4 for port 'slot_4_axi_awcache' [C:/larry_delivery/Latest/Latest.ip_user_files/bd/design_1/ip/design_1_system_ila_0_1/bd_0/ip/ip_1/sim/bd_36cd_g_inst_0.v:2513]
WARNING: [VRFC 10-3091] actual bit length 32 differs from formal bit length 4 for port 'slot_4_axi_arcache' [C:/larry_delivery/Latest/Latest.ip_user_files/bd/design_1/ip/design_1_system_ila_0_1/bd_0/ip/ip_1/sim/bd_36cd_g_inst_0.v:2531]
WARNING: [VRFC 10-3091] actual bit length 32 differs from formal bit length 4 for port 'slot_5_axi_awcache' [C:/larry_delivery/Latest/Latest.ip_user_files/bd/design_1/ip/design_1_system_ila_0_1/bd_0/ip/ip_1/sim/bd_36cd_g_inst_0.v:2557]
WARNING: [VRFC 10-3091] actual bit length 32 differs from formal bit length 4 for port 'slot_5_axi_arcache' [C:/larry_delivery/Latest/Latest.ip_user_files/bd/design_1/ip/design_1_system_ila_0_1/bd_0/ip/ip_1/sim/bd_36cd_g_inst_0.v:2575]
WARNING: [VRFC 10-3091] actual bit length 32 differs from formal bit length 4 for port 'slot_6_axi_awcache' [C:/larry_delivery/Latest/Latest.ip_user_files/bd/design_1/ip/design_1_system_ila_0_1/bd_0/ip/ip_1/sim/bd_36cd_g_inst_0.v:2601]
WARNING: [VRFC 10-3091] actual bit length 32 differs from formal bit length 4 for port 'slot_6_axi_arcache' [C:/larry_delivery/Latest/Latest.ip_user_files/bd/design_1/ip/design_1_system_ila_0_1/bd_0/ip/ip_1/sim/bd_36cd_g_inst_0.v:2619]
WARNING: [VRFC 10-3091] actual bit length 32 differs from formal bit length 4 for port 'slot_7_axi_awcache' [C:/larry_delivery/Latest/Latest.ip_user_files/bd/design_1/ip/design_1_system_ila_0_1/bd_0/ip/ip_1/sim/bd_36cd_g_inst_0.v:2645]
WARNING: [VRFC 10-3091] actual bit length 32 differs from formal bit length 4 for port 'slot_7_axi_arcache' [C:/larry_delivery/Latest/Latest.ip_user_files/bd/design_1/ip/design_1_system_ila_0_1/bd_0/ip/ip_1/sim/bd_36cd_g_inst_0.v:2663]
WARNING: [VRFC 10-3091] actual bit length 32 differs from formal bit length 4 for port 'slot_8_axi_awcache' [C:/larry_delivery/Latest/Latest.ip_user_files/bd/design_1/ip/design_1_system_ila_0_1/bd_0/ip/ip_1/sim/bd_36cd_g_inst_0.v:2689]
WARNING: [VRFC 10-3091] actual bit length 32 differs from formal bit length 4 for port 'slot_8_axi_arcache' [C:/larry_delivery/Latest/Latest.ip_user_files/bd/design_1/ip/design_1_system_ila_0_1/bd_0/ip/ip_1/sim/bd_36cd_g_inst_0.v:2707]
WARNING: [VRFC 10-3091] actual bit length 32 differs from formal bit length 4 for port 'slot_9_axi_awcache' [C:/larry_delivery/Latest/Latest.ip_user_files/bd/design_1/ip/design_1_system_ila_0_1/bd_0/ip/ip_1/sim/bd_36cd_g_inst_0.v:2733]
WARNING: [VRFC 10-3091] actual bit length 3 differs from formal bit length 4 for port 'slot_9_axi_wstrb' [C:/larry_delivery/Latest/Latest.ip_user_files/bd/design_1/ip/design_1_system_ila_0_1/bd_0/ip/ip_1/sim/bd_36cd_g_inst_0.v:2738]
WARNING: [VRFC 10-3091] actual bit length 32 differs from formal bit length 4 for port 'slot_9_axi_arcache' [C:/larry_delivery/Latest/Latest.ip_user_files/bd/design_1/ip/design_1_system_ila_0_1/bd_0/ip/ip_1/sim/bd_36cd_g_inst_0.v:2751]
WARNING: [VRFC 10-3091] actual bit length 3 differs from formal bit length 4 for port 'slot_9_axis_tstrb' [C:/larry_delivery/Latest/Latest.ip_user_files/bd/design_1/ip/design_1_system_ila_0_1/bd_0/ip/ip_1/sim/bd_36cd_g_inst_0.v:2765]
WARNING: [VRFC 10-3091] actual bit length 3 differs from formal bit length 4 for port 'slot_9_axis_tkeep' [C:/larry_delivery/Latest/Latest.ip_user_files/bd/design_1/ip/design_1_system_ila_0_1/bd_0/ip/ip_1/sim/bd_36cd_g_inst_0.v:2766]
WARNING: [VRFC 10-3091] actual bit length 32 differs from formal bit length 4 for port 'slot_10_axi_awcache' [C:/larry_delivery/Latest/Latest.ip_user_files/bd/design_1/ip/design_1_system_ila_0_1/bd_0/ip/ip_1/sim/bd_36cd_g_inst_0.v:2777]
WARNING: [VRFC 10-3091] actual bit length 32 differs from formal bit length 4 for port 'slot_10_axi_arcache' [C:/larry_delivery/Latest/Latest.ip_user_files/bd/design_1/ip/design_1_system_ila_0_1/bd_0/ip/ip_1/sim/bd_36cd_g_inst_0.v:2795]
WARNING: [VRFC 10-3091] actual bit length 32 differs from formal bit length 4 for port 'slot_11_axi_awcache' [C:/larry_delivery/Latest/Latest.ip_user_files/bd/design_1/ip/design_1_system_ila_0_1/bd_0/ip/ip_1/sim/bd_36cd_g_inst_0.v:2821]
WARNING: [VRFC 10-3091] actual bit length 32 differs from formal bit length 4 for port 'slot_11_axi_arcache' [C:/larry_delivery/Latest/Latest.ip_user_files/bd/design_1/ip/design_1_system_ila_0_1/bd_0/ip/ip_1/sim/bd_36cd_g_inst_0.v:2839]
WARNING: [VRFC 10-3091] actual bit length 32 differs from formal bit length 4 for port 'slot_12_axi_awcache' [C:/larry_delivery/Latest/Latest.ip_user_files/bd/design_1/ip/design_1_system_ila_0_1/bd_0/ip/ip_1/sim/bd_36cd_g_inst_0.v:2865]
WARNING: [VRFC 10-3091] actual bit length 32 differs from formal bit length 4 for port 'slot_12_axi_arcache' [C:/larry_delivery/Latest/Latest.ip_user_files/bd/design_1/ip/design_1_system_ila_0_1/bd_0/ip/ip_1/sim/bd_36cd_g_inst_0.v:2883]
WARNING: [VRFC 10-3091] actual bit length 32 differs from formal bit length 4 for port 'slot_13_axi_awcache' [C:/larry_delivery/Latest/Latest.ip_user_files/bd/design_1/ip/design_1_system_ila_0_1/bd_0/ip/ip_1/sim/bd_36cd_g_inst_0.v:2909]
WARNING: [VRFC 10-3091] actual bit length 32 differs from formal bit length 4 for port 'slot_13_axi_arcache' [C:/larry_delivery/Latest/Latest.ip_user_files/bd/design_1/ip/design_1_system_ila_0_1/bd_0/ip/ip_1/sim/bd_36cd_g_inst_0.v:2927]
WARNING: [VRFC 10-3091] actual bit length 32 differs from formal bit length 4 for port 'slot_14_axi_awcache' [C:/larry_delivery/Latest/Latest.ip_user_files/bd/design_1/ip/design_1_system_ila_0_1/bd_0/ip/ip_1/sim/bd_36cd_g_inst_0.v:2953]
WARNING: [VRFC 10-3091] actual bit length 32 differs from formal bit length 4 for port 'slot_14_axi_arcache' [C:/larry_delivery/Latest/Latest.ip_user_files/bd/design_1/ip/design_1_system_ila_0_1/bd_0/ip/ip_1/sim/bd_36cd_g_inst_0.v:2971]
WARNING: [VRFC 10-3091] actual bit length 32 differs from formal bit length 4 for port 'slot_15_axi_awcache' [C:/larry_delivery/Latest/Latest.ip_user_files/bd/design_1/ip/design_1_system_ila_0_1/bd_0/ip/ip_1/sim/bd_36cd_g_inst_0.v:2997]
WARNING: [VRFC 10-3091] actual bit length 32 differs from formal bit length 4 for port 'slot_15_axi_arcache' [C:/larry_delivery/Latest/Latest.ip_user_files/bd/design_1/ip/design_1_system_ila_0_1/bd_0/ip/ip_1/sim/bd_36cd_g_inst_0.v:3015]
WARNING: [VRFC 10-3091] actual bit length 16 differs from formal bit length 1 for port 'sel' [C:/larry_delivery/Latest/Latest.ip_user_files/bd/design_1/ip/design_1_system_ila_0_1/bd_0/ip/ip_1/sim/bd_36cd_g_inst_0.v:3915]
WARNING: [VRFC 10-3091] actual bit length 32 differs from formal bit length 4 for port 'slot_1_axi_awcache' [C:/larry_delivery/Latest/Latest.ip_user_files/bd/design_1/ip/design_1_system_ila_1_1/bd_0/ip/ip_1/sim/bd_f69c_g_inst_0.v:2428]
WARNING: [VRFC 10-3091] actual bit length 32 differs from formal bit length 4 for port 'slot_1_axi_arcache' [C:/larry_delivery/Latest/Latest.ip_user_files/bd/design_1/ip/design_1_system_ila_1_1/bd_0/ip/ip_1/sim/bd_f69c_g_inst_0.v:2446]
WARNING: [VRFC 10-3091] actual bit length 32 differs from formal bit length 4 for port 'slot_2_axi_awcache' [C:/larry_delivery/Latest/Latest.ip_user_files/bd/design_1/ip/design_1_system_ila_1_1/bd_0/ip/ip_1/sim/bd_f69c_g_inst_0.v:2472]
WARNING: [VRFC 10-3091] actual bit length 32 differs from formal bit length 4 for port 'slot_2_axi_arcache' [C:/larry_delivery/Latest/Latest.ip_user_files/bd/design_1/ip/design_1_system_ila_1_1/bd_0/ip/ip_1/sim/bd_f69c_g_inst_0.v:2490]
WARNING: [VRFC 10-3091] actual bit length 32 differs from formal bit length 4 for port 'slot_3_axi_awcache' [C:/larry_delivery/Latest/Latest.ip_user_files/bd/design_1/ip/design_1_system_ila_1_1/bd_0/ip/ip_1/sim/bd_f69c_g_inst_0.v:2516]
WARNING: [VRFC 10-3091] actual bit length 32 differs from formal bit length 4 for port 'slot_3_axi_arcache' [C:/larry_delivery/Latest/Latest.ip_user_files/bd/design_1/ip/design_1_system_ila_1_1/bd_0/ip/ip_1/sim/bd_f69c_g_inst_0.v:2534]
WARNING: [VRFC 10-3091] actual bit length 32 differs from formal bit length 4 for port 'slot_4_axi_awcache' [C:/larry_delivery/Latest/Latest.ip_user_files/bd/design_1/ip/design_1_system_ila_1_1/bd_0/ip/ip_1/sim/bd_f69c_g_inst_0.v:2560]
WARNING: [VRFC 10-3091] actual bit length 32 differs from formal bit length 4 for port 'slot_4_axi_arcache' [C:/larry_delivery/Latest/Latest.ip_user_files/bd/design_1/ip/design_1_system_ila_1_1/bd_0/ip/ip_1/sim/bd_f69c_g_inst_0.v:2578]
WARNING: [VRFC 10-3091] actual bit length 32 differs from formal bit length 4 for port 'slot_5_axi_awcache' [C:/larry_delivery/Latest/Latest.ip_user_files/bd/design_1/ip/design_1_system_ila_1_1/bd_0/ip/ip_1/sim/bd_f69c_g_inst_0.v:2604]
WARNING: [VRFC 10-3091] actual bit length 32 differs from formal bit length 4 for port 'slot_5_axi_arcache' [C:/larry_delivery/Latest/Latest.ip_user_files/bd/design_1/ip/design_1_system_ila_1_1/bd_0/ip/ip_1/sim/bd_f69c_g_inst_0.v:2622]
WARNING: [VRFC 10-3091] actual bit length 32 differs from formal bit length 4 for port 'slot_6_axi_awcache' [C:/larry_delivery/Latest/Latest.ip_user_files/bd/design_1/ip/design_1_system_ila_1_1/bd_0/ip/ip_1/sim/bd_f69c_g_inst_0.v:2648]
WARNING: [VRFC 10-3091] actual bit length 32 differs from formal bit length 4 for port 'slot_6_axi_arcache' [C:/larry_delivery/Latest/Latest.ip_user_files/bd/design_1/ip/design_1_system_ila_1_1/bd_0/ip/ip_1/sim/bd_f69c_g_inst_0.v:2666]
WARNING: [VRFC 10-3091] actual bit length 32 differs from formal bit length 4 for port 'slot_7_axi_awcache' [C:/larry_delivery/Latest/Latest.ip_user_files/bd/design_1/ip/design_1_system_ila_1_1/bd_0/ip/ip_1/sim/bd_f69c_g_inst_0.v:2692]
WARNING: [VRFC 10-3091] actual bit length 32 differs from formal bit length 4 for port 'slot_7_axi_arcache' [C:/larry_delivery/Latest/Latest.ip_user_files/bd/design_1/ip/design_1_system_ila_1_1/bd_0/ip/ip_1/sim/bd_f69c_g_inst_0.v:2710]
WARNING: [VRFC 10-3091] actual bit length 32 differs from formal bit length 4 for port 'slot_8_axi_awcache' [C:/larry_delivery/Latest/Latest.ip_user_files/bd/design_1/ip/design_1_system_ila_1_1/bd_0/ip/ip_1/sim/bd_f69c_g_inst_0.v:2736]
WARNING: [VRFC 10-3091] actual bit length 32 differs from formal bit length 4 for port 'slot_8_axi_arcache' [C:/larry_delivery/Latest/Latest.ip_user_files/bd/design_1/ip/design_1_system_ila_1_1/bd_0/ip/ip_1/sim/bd_f69c_g_inst_0.v:2754]
WARNING: [VRFC 10-3091] actual bit length 32 differs from formal bit length 4 for port 'slot_9_axi_awcache' [C:/larry_delivery/Latest/Latest.ip_user_files/bd/design_1/ip/design_1_system_ila_1_1/bd_0/ip/ip_1/sim/bd_f69c_g_inst_0.v:2780]
WARNING: [VRFC 10-3091] actual bit length 3 differs from formal bit length 4 for port 'slot_9_axi_wstrb' [C:/larry_delivery/Latest/Latest.ip_user_files/bd/design_1/ip/design_1_system_ila_1_1/bd_0/ip/ip_1/sim/bd_f69c_g_inst_0.v:2785]
WARNING: [VRFC 10-3091] actual bit length 32 differs from formal bit length 4 for port 'slot_9_axi_arcache' [C:/larry_delivery/Latest/Latest.ip_user_files/bd/design_1/ip/design_1_system_ila_1_1/bd_0/ip/ip_1/sim/bd_f69c_g_inst_0.v:2798]
WARNING: [VRFC 10-3091] actual bit length 3 differs from formal bit length 4 for port 'slot_9_axis_tstrb' [C:/larry_delivery/Latest/Latest.ip_user_files/bd/design_1/ip/design_1_system_ila_1_1/bd_0/ip/ip_1/sim/bd_f69c_g_inst_0.v:2812]
WARNING: [VRFC 10-3091] actual bit length 3 differs from formal bit length 4 for port 'slot_9_axis_tkeep' [C:/larry_delivery/Latest/Latest.ip_user_files/bd/design_1/ip/design_1_system_ila_1_1/bd_0/ip/ip_1/sim/bd_f69c_g_inst_0.v:2813]
WARNING: [VRFC 10-3091] actual bit length 32 differs from formal bit length 4 for port 'slot_10_axi_awcache' [C:/larry_delivery/Latest/Latest.ip_user_files/bd/design_1/ip/design_1_system_ila_1_1/bd_0/ip/ip_1/sim/bd_f69c_g_inst_0.v:2824]
WARNING: [VRFC 10-3091] actual bit length 32 differs from formal bit length 4 for port 'slot_10_axi_arcache' [C:/larry_delivery/Latest/Latest.ip_user_files/bd/design_1/ip/design_1_system_ila_1_1/bd_0/ip/ip_1/sim/bd_f69c_g_inst_0.v:2842]
WARNING: [VRFC 10-3091] actual bit length 32 differs from formal bit length 4 for port 'slot_11_axi_awcache' [C:/larry_delivery/Latest/Latest.ip_user_files/bd/design_1/ip/design_1_system_ila_1_1/bd_0/ip/ip_1/sim/bd_f69c_g_inst_0.v:2868]
WARNING: [VRFC 10-3091] actual bit length 32 differs from formal bit length 4 for port 'slot_11_axi_arcache' [C:/larry_delivery/Latest/Latest.ip_user_files/bd/design_1/ip/design_1_system_ila_1_1/bd_0/ip/ip_1/sim/bd_f69c_g_inst_0.v:2886]
WARNING: [VRFC 10-3091] actual bit length 32 differs from formal bit length 4 for port 'slot_12_axi_awcache' [C:/larry_delivery/Latest/Latest.ip_user_files/bd/design_1/ip/design_1_system_ila_1_1/bd_0/ip/ip_1/sim/bd_f69c_g_inst_0.v:2912]
WARNING: [VRFC 10-3091] actual bit length 32 differs from formal bit length 4 for port 'slot_12_axi_arcache' [C:/larry_delivery/Latest/Latest.ip_user_files/bd/design_1/ip/design_1_system_ila_1_1/bd_0/ip/ip_1/sim/bd_f69c_g_inst_0.v:2930]
WARNING: [VRFC 10-3091] actual bit length 32 differs from formal bit length 4 for port 'slot_13_axi_awcache' [C:/larry_delivery/Latest/Latest.ip_user_files/bd/design_1/ip/design_1_system_ila_1_1/bd_0/ip/ip_1/sim/bd_f69c_g_inst_0.v:2956]
WARNING: [VRFC 10-3091] actual bit length 32 differs from formal bit length 4 for port 'slot_13_axi_arcache' [C:/larry_delivery/Latest/Latest.ip_user_files/bd/design_1/ip/design_1_system_ila_1_1/bd_0/ip/ip_1/sim/bd_f69c_g_inst_0.v:2974]
WARNING: [VRFC 10-3091] actual bit length 32 differs from formal bit length 4 for port 'slot_14_axi_awcache' [C:/larry_delivery/Latest/Latest.ip_user_files/bd/design_1/ip/design_1_system_ila_1_1/bd_0/ip/ip_1/sim/bd_f69c_g_inst_0.v:3000]
WARNING: [VRFC 10-3091] actual bit length 32 differs from formal bit length 4 for port 'slot_14_axi_arcache' [C:/larry_delivery/Latest/Latest.ip_user_files/bd/design_1/ip/design_1_system_ila_1_1/bd_0/ip/ip_1/sim/bd_f69c_g_inst_0.v:3018]
WARNING: [VRFC 10-3091] actual bit length 32 differs from formal bit length 4 for port 'slot_15_axi_awcache' [C:/larry_delivery/Latest/Latest.ip_user_files/bd/design_1/ip/design_1_system_ila_1_1/bd_0/ip/ip_1/sim/bd_f69c_g_inst_0.v:3044]
WARNING: [VRFC 10-3091] actual bit length 32 differs from formal bit length 4 for port 'slot_15_axi_arcache' [C:/larry_delivery/Latest/Latest.ip_user_files/bd/design_1/ip/design_1_system_ila_1_1/bd_0/ip/ip_1/sim/bd_f69c_g_inst_0.v:3062]
WARNING: [VRFC 10-3091] actual bit length 16 differs from formal bit length 1 for port 'sel' [C:/larry_delivery/Latest/Latest.ip_user_files/bd/design_1/ip/design_1_system_ila_1_1/bd_0/ip/ip_1/sim/bd_f69c_g_inst_0.v:3962]
WARNING: [VRFC 10-3091] actual bit length 1 differs from formal bit length 2 for port 'slot_0_axi_wuser' [C:/larry_delivery/Latest/Latest.ip_user_files/bd/design_1/ip/design_1_system_ila_1_1/bd_0/ip/ip_1/sim/bd_f69c_g_inst_0.v:3964]
WARNING: [VRFC 10-3091] actual bit length 1 differs from formal bit length 2 for port 'slot_0_axi_buser' [C:/larry_delivery/Latest/Latest.ip_user_files/bd/design_1/ip/design_1_system_ila_1_1/bd_0/ip/ip_1/sim/bd_f69c_g_inst_0.v:3965]
WARNING: [VRFC 10-3091] actual bit length 1 differs from formal bit length 2 for port 'slot_0_axi_ruser' [C:/larry_delivery/Latest/Latest.ip_user_files/bd/design_1/ip/design_1_system_ila_1_1/bd_0/ip/ip_1/sim/bd_f69c_g_inst_0.v:3967]
WARNING: [VRFC 10-3091] actual bit length 12 differs from formal bit length 16 for port 'MAXIGP0BID' [C:/larry_delivery/Latest/Latest.ip_user_files/bd/design_1/ip/design_1_zynq_ultra_ps_e_0_0/sim/design_1_zynq_ultra_ps_e_0_0_vip_wrapper.v:330]
WARNING: [VRFC 10-3091] actual bit length 12 differs from formal bit length 16 for port 'MAXIGP0RID' [C:/larry_delivery/Latest/Latest.ip_user_files/bd/design_1/ip/design_1_zynq_ultra_ps_e_0_0/sim/design_1_zynq_ultra_ps_e_0_0_vip_wrapper.v:331]
WARNING: [VRFC 10-3091] actual bit length 32 differs from formal bit length 128 for port 'MAXIGP0RDATA' [C:/larry_delivery/Latest/Latest.ip_user_files/bd/design_1/ip/design_1_zynq_ultra_ps_e_0_0/sim/design_1_zynq_ultra_ps_e_0_0_vip_wrapper.v:334]
WARNING: [VRFC 10-3091] actual bit length 12 differs from formal bit length 16 for port 'MAXIGP1BID' [C:/larry_delivery/Latest/Latest.ip_user_files/bd/design_1/ip/design_1_zynq_ultra_ps_e_0_0/sim/design_1_zynq_ultra_ps_e_0_0_vip_wrapper.v:370]
WARNING: [VRFC 10-3091] actual bit length 12 differs from formal bit length 16 for port 'MAXIGP1RID' [C:/larry_delivery/Latest/Latest.ip_user_files/bd/design_1/ip/design_1_zynq_ultra_ps_e_0_0/sim/design_1_zynq_ultra_ps_e_0_0_vip_wrapper.v:371]
WARNING: [VRFC 10-3091] actual bit length 32 differs from formal bit length 128 for port 'MAXIGP1RDATA' [C:/larry_delivery/Latest/Latest.ip_user_files/bd/design_1/ip/design_1_zynq_ultra_ps_e_0_0/sim/design_1_zynq_ultra_ps_e_0_0_vip_wrapper.v:374]
WARNING: [VRFC 10-3091] actual bit length 32 differs from formal bit length 128 for port 'MAXIGP2WDATA' [C:/larry_delivery/Latest/Latest.ip_user_files/bd/design_1/ip/design_1_zynq_ultra_ps_e_0_0/sim/design_1_zynq_ultra_ps_e_0_0_vip_wrapper.v:395]
WARNING: [VRFC 10-3091] actual bit length 4 differs from formal bit length 16 for port 'MAXIGP2WSTRB' [C:/larry_delivery/Latest/Latest.ip_user_files/bd/design_1/ip/design_1_zynq_ultra_ps_e_0_0/sim/design_1_zynq_ultra_ps_e_0_0_vip_wrapper.v:403]
WARNING: [VRFC 10-3091] actual bit length 32 differs from formal bit length 128 for port 'MAXIGP2RDATA' [C:/larry_delivery/Latest/Latest.ip_user_files/bd/design_1/ip/design_1_zynq_ultra_ps_e_0_0/sim/design_1_zynq_ultra_ps_e_0_0_vip_wrapper.v:415]
WARNING: [VRFC 10-3091] actual bit length 2 differs from formal bit length 1 for port 'SAXIGP0ARLOCK' [C:/larry_delivery/Latest/Latest.ip_user_files/bd/design_1/ip/design_1_zynq_ultra_ps_e_0_0/sim/design_1_zynq_ultra_ps_e_0_0_vip_wrapper.v:443]
WARNING: [VRFC 10-3091] actual bit length 2 differs from formal bit length 1 for port 'SAXIGP0AWLOCK' [C:/larry_delivery/Latest/Latest.ip_user_files/bd/design_1/ip/design_1_zynq_ultra_ps_e_0_0/sim/design_1_zynq_ultra_ps_e_0_0_vip_wrapper.v:446]
WARNING: [VRFC 10-3091] actual bit length 32 differs from formal bit length 40 for port 'SAXIGP0ARADDR' [C:/larry_delivery/Latest/Latest.ip_user_files/bd/design_1/ip/design_1_zynq_ultra_ps_e_0_0/sim/design_1_zynq_ultra_ps_e_0_0_vip_wrapper.v:450]
WARNING: [VRFC 10-3091] actual bit length 32 differs from formal bit length 40 for port 'SAXIGP0AWADDR' [C:/larry_delivery/Latest/Latest.ip_user_files/bd/design_1/ip/design_1_zynq_ultra_ps_e_0_0/sim/design_1_zynq_ultra_ps_e_0_0_vip_wrapper.v:451]
WARNING: [VRFC 10-3091] actual bit length 32 differs from formal bit length 128 for port 'SAXIGP0WDATA' [C:/larry_delivery/Latest/Latest.ip_user_files/bd/design_1/ip/design_1_zynq_ultra_ps_e_0_0/sim/design_1_zynq_ultra_ps_e_0_0_vip_wrapper.v:452]
WARNING: [VRFC 10-3091] actual bit length 4 differs from formal bit length 8 for port 'SAXIGP0ARLEN' [C:/larry_delivery/Latest/Latest.ip_user_files/bd/design_1/ip/design_1_zynq_ultra_ps_e_0_0/sim/design_1_zynq_ultra_ps_e_0_0_vip_wrapper.v:454]
WARNING: [VRFC 10-3091] actual bit length 4 differs from formal bit length 8 for port 'SAXIGP0AWLEN' [C:/larry_delivery/Latest/Latest.ip_user_files/bd/design_1/ip/design_1_zynq_ultra_ps_e_0_0/sim/design_1_zynq_ultra_ps_e_0_0_vip_wrapper.v:457]
WARNING: [VRFC 10-3091] actual bit length 4 differs from formal bit length 16 for port 'SAXIGP0WSTRB' [C:/larry_delivery/Latest/Latest.ip_user_files/bd/design_1/ip/design_1_zynq_ultra_ps_e_0_0/sim/design_1_zynq_ultra_ps_e_0_0_vip_wrapper.v:459]
WARNING: [VRFC 10-3091] actual bit length 2 differs from formal bit length 1 for port 'SAXIGP1ARLOCK' [C:/larry_delivery/Latest/Latest.ip_user_files/bd/design_1/ip/design_1_zynq_ultra_ps_e_0_0/sim/design_1_zynq_ultra_ps_e_0_0_vip_wrapper.v:488]
WARNING: [VRFC 10-3091] actual bit length 2 differs from formal bit length 1 for port 'SAXIGP1AWLOCK' [C:/larry_delivery/Latest/Latest.ip_user_files/bd/design_1/ip/design_1_zynq_ultra_ps_e_0_0/sim/design_1_zynq_ultra_ps_e_0_0_vip_wrapper.v:491]
WARNING: [VRFC 10-3091] actual bit length 32 differs from formal bit length 40 for port 'SAXIGP1ARADDR' [C:/larry_delivery/Latest/Latest.ip_user_files/bd/design_1/ip/design_1_zynq_ultra_ps_e_0_0/sim/design_1_zynq_ultra_ps_e_0_0_vip_wrapper.v:495]
WARNING: [VRFC 10-3091] actual bit length 32 differs from formal bit length 40 for port 'SAXIGP1AWADDR' [C:/larry_delivery/Latest/Latest.ip_user_files/bd/design_1/ip/design_1_zynq_ultra_ps_e_0_0/sim/design_1_zynq_ultra_ps_e_0_0_vip_wrapper.v:496]
WARNING: [VRFC 10-3091] actual bit length 32 differs from formal bit length 128 for port 'SAXIGP1WDATA' [C:/larry_delivery/Latest/Latest.ip_user_files/bd/design_1/ip/design_1_zynq_ultra_ps_e_0_0/sim/design_1_zynq_ultra_ps_e_0_0_vip_wrapper.v:497]
WARNING: [VRFC 10-3091] actual bit length 4 differs from formal bit length 8 for port 'SAXIGP1ARLEN' [C:/larry_delivery/Latest/Latest.ip_user_files/bd/design_1/ip/design_1_zynq_ultra_ps_e_0_0/sim/design_1_zynq_ultra_ps_e_0_0_vip_wrapper.v:499]
WARNING: [VRFC 10-3091] actual bit length 4 differs from formal bit length 8 for port 'SAXIGP1AWLEN' [C:/larry_delivery/Latest/Latest.ip_user_files/bd/design_1/ip/design_1_zynq_ultra_ps_e_0_0/sim/design_1_zynq_ultra_ps_e_0_0_vip_wrapper.v:502]
WARNING: [VRFC 10-3091] actual bit length 4 differs from formal bit length 16 for port 'SAXIGP1WSTRB' [C:/larry_delivery/Latest/Latest.ip_user_files/bd/design_1/ip/design_1_zynq_ultra_ps_e_0_0/sim/design_1_zynq_ultra_ps_e_0_0_vip_wrapper.v:504]
WARNING: [VRFC 10-3091] actual bit length 2 differs from formal bit length 1 for port 'SAXIGP2ARLOCK' [C:/larry_delivery/Latest/Latest.ip_user_files/bd/design_1/ip/design_1_zynq_ultra_ps_e_0_0/sim/design_1_zynq_ultra_ps_e_0_0_vip_wrapper.v:533]
WARNING: [VRFC 10-3091] actual bit length 2 differs from formal bit length 1 for port 'SAXIGP2AWLOCK' [C:/larry_delivery/Latest/Latest.ip_user_files/bd/design_1/ip/design_1_zynq_ultra_ps_e_0_0/sim/design_1_zynq_ultra_ps_e_0_0_vip_wrapper.v:536]
WARNING: [VRFC 10-3091] actual bit length 32 differs from formal bit length 40 for port 'SAXIGP2ARADDR' [C:/larry_delivery/Latest/Latest.ip_user_files/bd/design_1/ip/design_1_zynq_ultra_ps_e_0_0/sim/design_1_zynq_ultra_ps_e_0_0_vip_wrapper.v:540]
WARNING: [VRFC 10-3091] actual bit length 32 differs from formal bit length 40 for port 'SAXIGP2AWADDR' [C:/larry_delivery/Latest/Latest.ip_user_files/bd/design_1/ip/design_1_zynq_ultra_ps_e_0_0/sim/design_1_zynq_ultra_ps_e_0_0_vip_wrapper.v:541]
WARNING: [VRFC 10-3091] actual bit length 32 differs from formal bit length 128 for port 'SAXIGP2WDATA' [C:/larry_delivery/Latest/Latest.ip_user_files/bd/design_1/ip/design_1_zynq_ultra_ps_e_0_0/sim/design_1_zynq_ultra_ps_e_0_0_vip_wrapper.v:542]
WARNING: [VRFC 10-3091] actual bit length 4 differs from formal bit length 8 for port 'SAXIGP2ARLEN' [C:/larry_delivery/Latest/Latest.ip_user_files/bd/design_1/ip/design_1_zynq_ultra_ps_e_0_0/sim/design_1_zynq_ultra_ps_e_0_0_vip_wrapper.v:544]
WARNING: [VRFC 10-3091] actual bit length 4 differs from formal bit length 8 for port 'SAXIGP2AWLEN' [C:/larry_delivery/Latest/Latest.ip_user_files/bd/design_1/ip/design_1_zynq_ultra_ps_e_0_0/sim/design_1_zynq_ultra_ps_e_0_0_vip_wrapper.v:547]
WARNING: [VRFC 10-3091] actual bit length 4 differs from formal bit length 16 for port 'SAXIGP2WSTRB' [C:/larry_delivery/Latest/Latest.ip_user_files/bd/design_1/ip/design_1_zynq_ultra_ps_e_0_0/sim/design_1_zynq_ultra_ps_e_0_0_vip_wrapper.v:549]
WARNING: [VRFC 10-3091] actual bit length 1 differs from formal bit length 4 for port 'SAXIGP3RACOUNT' [C:/larry_delivery/Latest/Latest.ip_user_files/bd/design_1/ip/design_1_zynq_ultra_ps_e_0_0/sim/design_1_zynq_ultra_ps_e_0_0_vip_wrapper.v:556]
WARNING: [VRFC 10-3091] actual bit length 1 differs from formal bit length 4 for port 'SAXIGP3WACOUNT' [C:/larry_delivery/Latest/Latest.ip_user_files/bd/design_1/ip/design_1_zynq_ultra_ps_e_0_0/sim/design_1_zynq_ultra_ps_e_0_0_vip_wrapper.v:557]
WARNING: [VRFC 10-3091] actual bit length 1 differs from formal bit length 8 for port 'SAXIGP3RCOUNT' [C:/larry_delivery/Latest/Latest.ip_user_files/bd/design_1/ip/design_1_zynq_ultra_ps_e_0_0/sim/design_1_zynq_ultra_ps_e_0_0_vip_wrapper.v:558]
WARNING: [VRFC 10-3091] actual bit length 1 differs from formal bit length 8 for port 'SAXIGP3WCOUNT' [C:/larry_delivery/Latest/Latest.ip_user_files/bd/design_1/ip/design_1_zynq_ultra_ps_e_0_0/sim/design_1_zynq_ultra_ps_e_0_0_vip_wrapper.v:559]
WARNING: [VRFC 10-3091] actual bit length 49 differs from formal bit length 40 for port 'SAXIGP3ARADDR' [C:/larry_delivery/Latest/Latest.ip_user_files/bd/design_1/ip/design_1_zynq_ultra_ps_e_0_0/sim/design_1_zynq_ultra_ps_e_0_0_vip_wrapper.v:585]
WARNING: [VRFC 10-3091] actual bit length 49 differs from formal bit length 40 for port 'SAXIGP3AWADDR' [C:/larry_delivery/Latest/Latest.ip_user_files/bd/design_1/ip/design_1_zynq_ultra_ps_e_0_0/sim/design_1_zynq_ultra_ps_e_0_0_vip_wrapper.v:586]
WARNING: [VRFC 10-3091] actual bit length 2 differs from formal bit length 1 for port 'SAXIGP4ARLOCK' [C:/larry_delivery/Latest/Latest.ip_user_files/bd/design_1/ip/design_1_zynq_ultra_ps_e_0_0/sim/design_1_zynq_ultra_ps_e_0_0_vip_wrapper.v:623]
WARNING: [VRFC 10-3091] actual bit length 2 differs from formal bit length 1 for port 'SAXIGP4AWLOCK' [C:/larry_delivery/Latest/Latest.ip_user_files/bd/design_1/ip/design_1_zynq_ultra_ps_e_0_0/sim/design_1_zynq_ultra_ps_e_0_0_vip_wrapper.v:626]
WARNING: [VRFC 10-3091] actual bit length 32 differs from formal bit length 40 for port 'SAXIGP4ARADDR' [C:/larry_delivery/Latest/Latest.ip_user_files/bd/design_1/ip/design_1_zynq_ultra_ps_e_0_0/sim/design_1_zynq_ultra_ps_e_0_0_vip_wrapper.v:630]
WARNING: [VRFC 10-3091] actual bit length 32 differs from formal bit length 40 for port 'SAXIGP4AWADDR' [C:/larry_delivery/Latest/Latest.ip_user_files/bd/design_1/ip/design_1_zynq_ultra_ps_e_0_0/sim/design_1_zynq_ultra_ps_e_0_0_vip_wrapper.v:631]
WARNING: [VRFC 10-3091] actual bit length 32 differs from formal bit length 128 for port 'SAXIGP4WDATA' [C:/larry_delivery/Latest/Latest.ip_user_files/bd/design_1/ip/design_1_zynq_ultra_ps_e_0_0/sim/design_1_zynq_ultra_ps_e_0_0_vip_wrapper.v:632]
WARNING: [VRFC 10-3091] actual bit length 4 differs from formal bit length 8 for port 'SAXIGP4ARLEN' [C:/larry_delivery/Latest/Latest.ip_user_files/bd/design_1/ip/design_1_zynq_ultra_ps_e_0_0/sim/design_1_zynq_ultra_ps_e_0_0_vip_wrapper.v:634]
WARNING: [VRFC 10-3091] actual bit length 4 differs from formal bit length 8 for port 'SAXIGP4AWLEN' [C:/larry_delivery/Latest/Latest.ip_user_files/bd/design_1/ip/design_1_zynq_ultra_ps_e_0_0/sim/design_1_zynq_ultra_ps_e_0_0_vip_wrapper.v:637]
WARNING: [VRFC 10-3091] actual bit length 4 differs from formal bit length 16 for port 'SAXIGP4WSTRB' [C:/larry_delivery/Latest/Latest.ip_user_files/bd/design_1/ip/design_1_zynq_ultra_ps_e_0_0/sim/design_1_zynq_ultra_ps_e_0_0_vip_wrapper.v:639]
WARNING: [VRFC 10-3091] actual bit length 2 differs from formal bit length 1 for port 'SAXIGP5ARLOCK' [C:/larry_delivery/Latest/Latest.ip_user_files/bd/design_1/ip/design_1_zynq_ultra_ps_e_0_0/sim/design_1_zynq_ultra_ps_e_0_0_vip_wrapper.v:668]
WARNING: [VRFC 10-3091] actual bit length 2 differs from formal bit length 1 for port 'SAXIGP5AWLOCK' [C:/larry_delivery/Latest/Latest.ip_user_files/bd/design_1/ip/design_1_zynq_ultra_ps_e_0_0/sim/design_1_zynq_ultra_ps_e_0_0_vip_wrapper.v:671]
WARNING: [VRFC 10-3091] actual bit length 32 differs from formal bit length 40 for port 'SAXIGP5ARADDR' [C:/larry_delivery/Latest/Latest.ip_user_files/bd/design_1/ip/design_1_zynq_ultra_ps_e_0_0/sim/design_1_zynq_ultra_ps_e_0_0_vip_wrapper.v:675]
WARNING: [VRFC 10-3091] actual bit length 32 differs from formal bit length 40 for port 'SAXIGP5AWADDR' [C:/larry_delivery/Latest/Latest.ip_user_files/bd/design_1/ip/design_1_zynq_ultra_ps_e_0_0/sim/design_1_zynq_ultra_ps_e_0_0_vip_wrapper.v:676]
WARNING: [VRFC 10-3091] actual bit length 32 differs from formal bit length 128 for port 'SAXIGP5WDATA' [C:/larry_delivery/Latest/Latest.ip_user_files/bd/design_1/ip/design_1_zynq_ultra_ps_e_0_0/sim/design_1_zynq_ultra_ps_e_0_0_vip_wrapper.v:677]
WARNING: [VRFC 10-3091] actual bit length 4 differs from formal bit length 8 for port 'SAXIGP5ARLEN' [C:/larry_delivery/Latest/Latest.ip_user_files/bd/design_1/ip/design_1_zynq_ultra_ps_e_0_0/sim/design_1_zynq_ultra_ps_e_0_0_vip_wrapper.v:679]
WARNING: [VRFC 10-3091] actual bit length 4 differs from formal bit length 8 for port 'SAXIGP5AWLEN' [C:/larry_delivery/Latest/Latest.ip_user_files/bd/design_1/ip/design_1_zynq_ultra_ps_e_0_0/sim/design_1_zynq_ultra_ps_e_0_0_vip_wrapper.v:682]
WARNING: [VRFC 10-3091] actual bit length 4 differs from formal bit length 16 for port 'SAXIGP5WSTRB' [C:/larry_delivery/Latest/Latest.ip_user_files/bd/design_1/ip/design_1_zynq_ultra_ps_e_0_0/sim/design_1_zynq_ultra_ps_e_0_0_vip_wrapper.v:684]
WARNING: [VRFC 10-3091] actual bit length 2 differs from formal bit length 1 for port 'SAXIGP6ARLOCK' [C:/larry_delivery/Latest/Latest.ip_user_files/bd/design_1/ip/design_1_zynq_ultra_ps_e_0_0/sim/design_1_zynq_ultra_ps_e_0_0_vip_wrapper.v:713]
WARNING: [VRFC 10-3091] actual bit length 2 differs from formal bit length 1 for port 'SAXIGP6AWLOCK' [C:/larry_delivery/Latest/Latest.ip_user_files/bd/design_1/ip/design_1_zynq_ultra_ps_e_0_0/sim/design_1_zynq_ultra_ps_e_0_0_vip_wrapper.v:716]
WARNING: [VRFC 10-3091] actual bit length 32 differs from formal bit length 40 for port 'SAXIGP6ARADDR' [C:/larry_delivery/Latest/Latest.ip_user_files/bd/design_1/ip/design_1_zynq_ultra_ps_e_0_0/sim/design_1_zynq_ultra_ps_e_0_0_vip_wrapper.v:720]
WARNING: [VRFC 10-3091] actual bit length 32 differs from formal bit length 40 for port 'SAXIGP6AWADDR' [C:/larry_delivery/Latest/Latest.ip_user_files/bd/design_1/ip/design_1_zynq_ultra_ps_e_0_0/sim/design_1_zynq_ultra_ps_e_0_0_vip_wrapper.v:721]
WARNING: [VRFC 10-3091] actual bit length 32 differs from formal bit length 128 for port 'SAXIGP6WDATA' [C:/larry_delivery/Latest/Latest.ip_user_files/bd/design_1/ip/design_1_zynq_ultra_ps_e_0_0/sim/design_1_zynq_ultra_ps_e_0_0_vip_wrapper.v:722]
WARNING: [VRFC 10-3091] actual bit length 4 differs from formal bit length 8 for port 'SAXIGP6ARLEN' [C:/larry_delivery/Latest/Latest.ip_user_files/bd/design_1/ip/design_1_zynq_ultra_ps_e_0_0/sim/design_1_zynq_ultra_ps_e_0_0_vip_wrapper.v:724]
WARNING: [VRFC 10-3091] actual bit length 4 differs from formal bit length 8 for port 'SAXIGP6AWLEN' [C:/larry_delivery/Latest/Latest.ip_user_files/bd/design_1/ip/design_1_zynq_ultra_ps_e_0_0/sim/design_1_zynq_ultra_ps_e_0_0_vip_wrapper.v:727]
WARNING: [VRFC 10-3091] actual bit length 4 differs from formal bit length 16 for port 'SAXIGP6WSTRB' [C:/larry_delivery/Latest/Latest.ip_user_files/bd/design_1/ip/design_1_zynq_ultra_ps_e_0_0/sim/design_1_zynq_ultra_ps_e_0_0_vip_wrapper.v:729]
WARNING: [VRFC 10-3091] actual bit length 3 differs from formal bit length 5 for port 'SAXIACPARID' [C:/larry_delivery/Latest/Latest.ip_user_files/bd/design_1/ip/design_1_zynq_ultra_ps_e_0_0/sim/design_1_zynq_ultra_ps_e_0_0_vip_wrapper.v:750]
WARNING: [VRFC 10-3091] actual bit length 3 differs from formal bit length 5 for port 'SAXIACPAWID' [C:/larry_delivery/Latest/Latest.ip_user_files/bd/design_1/ip/design_1_zynq_ultra_ps_e_0_0/sim/design_1_zynq_ultra_ps_e_0_0_vip_wrapper.v:752]
WARNING: [VRFC 10-3091] actual bit length 32 differs from formal bit length 40 for port 'SAXIACPARADDR' [C:/larry_delivery/Latest/Latest.ip_user_files/bd/design_1/ip/design_1_zynq_ultra_ps_e_0_0/sim/design_1_zynq_ultra_ps_e_0_0_vip_wrapper.v:754]
WARNING: [VRFC 10-3091] actual bit length 32 differs from formal bit length 40 for port 'SAXIACPAWADDR' [C:/larry_delivery/Latest/Latest.ip_user_files/bd/design_1/ip/design_1_zynq_ultra_ps_e_0_0/sim/design_1_zynq_ultra_ps_e_0_0_vip_wrapper.v:755]
WARNING: [VRFC 10-3091] actual bit length 4 differs from formal bit length 8 for port 'SAXIACPARLEN' [C:/larry_delivery/Latest/Latest.ip_user_files/bd/design_1/ip/design_1_zynq_ultra_ps_e_0_0/sim/design_1_zynq_ultra_ps_e_0_0_vip_wrapper.v:757]
WARNING: [VRFC 10-3091] actual bit length 4 differs from formal bit length 8 for port 'SAXIACPAWLEN' [C:/larry_delivery/Latest/Latest.ip_user_files/bd/design_1/ip/design_1_zynq_ultra_ps_e_0_0/sim/design_1_zynq_ultra_ps_e_0_0_vip_wrapper.v:760]
WARNING: [VRFC 10-3091] actual bit length 2 differs from formal bit length 1 for port 'SAXIACPARLOCK' [C:/larry_delivery/Latest/Latest.ip_user_files/bd/design_1/ip/design_1_zynq_ultra_ps_e_0_0/sim/design_1_zynq_ultra_ps_e_0_0_vip_wrapper.v:763]
WARNING: [VRFC 10-3091] actual bit length 2 differs from formal bit length 1 for port 'SAXIACPAWLOCK' [C:/larry_delivery/Latest/Latest.ip_user_files/bd/design_1/ip/design_1_zynq_ultra_ps_e_0_0/sim/design_1_zynq_ultra_ps_e_0_0_vip_wrapper.v:766]
WARNING: [VRFC 10-3091] actual bit length 5 differs from formal bit length 2 for port 'SAXIACPARUSER' [C:/larry_delivery/Latest/Latest.ip_user_files/bd/design_1/ip/design_1_zynq_ultra_ps_e_0_0/sim/design_1_zynq_ultra_ps_e_0_0_vip_wrapper.v:768]
WARNING: [VRFC 10-3091] actual bit length 5 differs from formal bit length 2 for port 'SAXIACPAWUSER' [C:/larry_delivery/Latest/Latest.ip_user_files/bd/design_1/ip/design_1_zynq_ultra_ps_e_0_0/sim/design_1_zynq_ultra_ps_e_0_0_vip_wrapper.v:769]
WARNING: [VRFC 10-3091] actual bit length 64 differs from formal bit length 128 for port 'SAXIACPWDATA' [C:/larry_delivery/Latest/Latest.ip_user_files/bd/design_1/ip/design_1_zynq_ultra_ps_e_0_0/sim/design_1_zynq_ultra_ps_e_0_0_vip_wrapper.v:770]
WARNING: [VRFC 10-3091] actual bit length 8 differs from formal bit length 16 for port 'SAXIACPWSTRB' [C:/larry_delivery/Latest/Latest.ip_user_files/bd/design_1/ip/design_1_zynq_ultra_ps_e_0_0/sim/design_1_zynq_ultra_ps_e_0_0_vip_wrapper.v:771]
WARNING: [VRFC 10-3091] actual bit length 1 differs from formal bit length 8 for port 'PLPSIRQ0' [C:/larry_delivery/Latest/Latest.ip_user_files/bd/design_1/ip/design_1_zynq_ultra_ps_e_0_0/sim/design_1_zynq_ultra_ps_e_0_0_vip_wrapper.v:837]
WARNING: [VRFC 10-3091] actual bit length 32 differs from formal bit length 1 for port 'S_AWREGION' [/scratch/proj/xbuilds/SWIP/2023.2_1013_2256/infra/XSIM/lin/.cxl.ip/incl/zynq_ultra_ps_e_vip_v1_0_15_axi_acp.sv:71]
WARNING: [VRFC 10-3091] actual bit length 32 differs from formal bit length 1 for port 'S_ARREGION' [/scratch/proj/xbuilds/SWIP/2023.2_1013_2256/infra/XSIM/lin/.cxl.ip/incl/zynq_ultra_ps_e_vip_v1_0_15_axi_acp.sv:72]
WARNING: [VRFC 10-3091] actual bit length 32 differs from formal bit length 1 for port 'S_WUSER' [/scratch/proj/xbuilds/SWIP/2023.2_1013_2256/infra/XSIM/lin/.cxl.ip/incl/zynq_ultra_ps_e_vip_v1_0_15_axi_acp.sv:74]
WARNING: [VRFC 10-3091] actual bit length 2 differs from formal bit length 1 for port 's_axi_awuser' [/wrk/ci/prod/2023.2/sw/continuous/3079/packages/customer/vivado/data/ip/xilinx/zynq_ultra_ps_e_vip_v1_0/hdl/zynq_ultra_ps_e_vip_v1_0_vl_rfs.sv:6300]
WARNING: [VRFC 10-3091] actual bit length 1 differs from formal bit length 5 for port 's_axi_wid' [/wrk/ci/prod/2023.2/sw/continuous/3079/packages/customer/vivado/data/ip/xilinx/zynq_ultra_ps_e_vip_v1_0/hdl/zynq_ultra_ps_e_vip_v1_0_vl_rfs.sv:6303]
WARNING: [VRFC 10-3091] actual bit length 2 differs from formal bit length 1 for port 's_axi_aruser' [/wrk/ci/prod/2023.2/sw/continuous/3079/packages/customer/vivado/data/ip/xilinx/zynq_ultra_ps_e_vip_v1_0/hdl/zynq_ultra_ps_e_vip_v1_0_vl_rfs.sv:6325]
WARNING: [VRFC 10-3091] actual bit length 12 differs from formal bit length 5 for port 'm_axi_bid' [/wrk/ci/prod/2023.2/sw/continuous/3079/packages/customer/vivado/data/ip/xilinx/zynq_ultra_ps_e_vip_v1_0/hdl/zynq_ultra_ps_e_vip_v1_0_vl_rfs.sv:6355]
WARNING: [VRFC 10-3091] actual bit length 12 differs from formal bit length 5 for port 'm_axi_rid' [/wrk/ci/prod/2023.2/sw/continuous/3079/packages/customer/vivado/data/ip/xilinx/zynq_ultra_ps_e_vip_v1_0/hdl/zynq_ultra_ps_e_vip_v1_0_vl_rfs.sv:6373]
WARNING: [VRFC 10-3091] actual bit length 32 differs from formal bit length 128 for port 'm_axi_rdata' [/wrk/ci/prod/2023.2/sw/continuous/3079/packages/customer/vivado/data/ip/xilinx/zynq_ultra_ps_e_vip_v1_0/hdl/zynq_ultra_ps_e_vip_v1_0_vl_rfs.sv:6374]
WARNING: [VRFC 10-3091] actual bit length 4 differs from formal bit length 2 for port 'S_RRESP' [/scratch/proj/xbuilds/SWIP/2023.2_1013_2256/infra/XSIM/lin/.cxl.ip/incl/zynq_ultra_ps_e_vip_v1_0_15_axi_ace.sv:64]
WARNING: [VRFC 10-3091] actual bit length 16 differs from formal bit length 15 for port 'S_AWUSER' [/scratch/proj/xbuilds/SWIP/2023.2_1013_2256/infra/XSIM/lin/.cxl.ip/incl/zynq_ultra_ps_e_vip_v1_0_15_axi_ace.sv:73]
WARNING: [VRFC 10-3091] actual bit length 16 differs from formal bit length 15 for port 'S_ARUSER' [/scratch/proj/xbuilds/SWIP/2023.2_1013_2256/infra/XSIM/lin/.cxl.ip/incl/zynq_ultra_ps_e_vip_v1_0_15_axi_ace.sv:76]
WARNING: [VRFC 10-3091] actual bit length 15 differs from formal bit length 1 for port 's_axi_awuser' [/wrk/ci/prod/2023.2/sw/continuous/3079/packages/customer/vivado/data/ip/xilinx/zynq_ultra_ps_e_vip_v1_0/hdl/zynq_ultra_ps_e_vip_v1_0_vl_rfs.sv:4835]
WARNING: [VRFC 10-3091] actual bit length 1 differs from formal bit length 6 for port 's_axi_wid' [/wrk/ci/prod/2023.2/sw/continuous/3079/packages/customer/vivado/data/ip/xilinx/zynq_ultra_ps_e_vip_v1_0/hdl/zynq_ultra_ps_e_vip_v1_0_vl_rfs.sv:4838]
WARNING: [VRFC 10-3091] actual bit length 15 differs from formal bit length 1 for port 's_axi_aruser' [/wrk/ci/prod/2023.2/sw/continuous/3079/packages/customer/vivado/data/ip/xilinx/zynq_ultra_ps_e_vip_v1_0/hdl/zynq_ultra_ps_e_vip_v1_0_vl_rfs.sv:4860]
WARNING: [VRFC 10-3091] actual bit length 12 differs from formal bit length 6 for port 'm_axi_bid' [/wrk/ci/prod/2023.2/sw/continuous/3079/packages/customer/vivado/data/ip/xilinx/zynq_ultra_ps_e_vip_v1_0/hdl/zynq_ultra_ps_e_vip_v1_0_vl_rfs.sv:4890]
WARNING: [VRFC 10-3091] actual bit length 12 differs from formal bit length 6 for port 'm_axi_rid' [/wrk/ci/prod/2023.2/sw/continuous/3079/packages/customer/vivado/data/ip/xilinx/zynq_ultra_ps_e_vip_v1_0/hdl/zynq_ultra_ps_e_vip_v1_0_vl_rfs.sv:4908]
WARNING: [VRFC 10-3091] actual bit length 32 differs from formal bit length 128 for port 'm_axi_rdata' [/wrk/ci/prod/2023.2/sw/continuous/3079/packages/customer/vivado/data/ip/xilinx/zynq_ultra_ps_e_vip_v1_0/hdl/zynq_ultra_ps_e_vip_v1_0_vl_rfs.sv:4909]
WARNING: [VRFC 10-3091] actual bit length 128 differs from formal bit length 32 for port 'S_WDATA' [/scratch/proj/xbuilds/SWIP/2023.2_1013_2256/infra/XSIM/lin/.cxl.ip/incl/zynq_ultra_ps_e_vip_v1_0_15_axi_gp.sv:41]
WARNING: [VRFC 10-3091] actual bit length 16 differs from formal bit length 4 for port 'S_WSTRB' [/scratch/proj/xbuilds/SWIP/2023.2_1013_2256/infra/XSIM/lin/.cxl.ip/incl/zynq_ultra_ps_e_vip_v1_0_15_axi_gp.sv:42]
WARNING: [VRFC 10-3091] actual bit length 128 differs from formal bit length 32 for port 'S_RDATA' [/scratch/proj/xbuilds/SWIP/2023.2_1013_2256/infra/XSIM/lin/.cxl.ip/incl/zynq_ultra_ps_e_vip_v1_0_15_axi_gp.sv:64]
WARNING: [VRFC 10-3091] actual bit length 32 differs from formal bit length 1 for port 'S_AWREGION' [/scratch/proj/xbuilds/SWIP/2023.2_1013_2256/infra/XSIM/lin/.cxl.ip/incl/zynq_ultra_ps_e_vip_v1_0_15_axi_gp.sv:72]
WARNING: [VRFC 10-3091] actual bit length 32 differs from formal bit length 1 for port 'S_ARREGION' [/scratch/proj/xbuilds/SWIP/2023.2_1013_2256/infra/XSIM/lin/.cxl.ip/incl/zynq_ultra_ps_e_vip_v1_0_15_axi_gp.sv:73]
WARNING: [VRFC 10-3091] actual bit length 32 differs from formal bit length 1 for port 'S_WUSER' [/scratch/proj/xbuilds/SWIP/2023.2_1013_2256/infra/XSIM/lin/.cxl.ip/incl/zynq_ultra_ps_e_vip_v1_0_15_axi_gp.sv:75]
WARNING: [VRFC 10-3091] actual bit length 32768 differs from formal bit length 8192 for port 'WR_DATA' [/scratch/proj/xbuilds/SWIP/2023.2_1013_2256/infra/XSIM/lin/.cxl.ip/incl/zynq_ultra_ps_e_vip_v1_0_15_axi_gp.sv:83]
WARNING: [VRFC 10-3091] actual bit length 4096 differs from formal bit length 1024 for port 'WR_DATA_STRB' [/scratch/proj/xbuilds/SWIP/2023.2_1013_2256/infra/XSIM/lin/.cxl.ip/incl/zynq_ultra_ps_e_vip_v1_0_15_axi_gp.sv:84]
WARNING: [VRFC 10-3091] actual bit length 32768 differs from formal bit length 8192 for port 'RD_DATA_DDR' [/scratch/proj/xbuilds/SWIP/2023.2_1013_2256/infra/XSIM/lin/.cxl.ip/incl/zynq_ultra_ps_e_vip_v1_0_15_axi_gp.sv:94]
WARNING: [VRFC 10-3091] actual bit length 32768 differs from formal bit length 8192 for port 'RD_DATA_OCM' [/scratch/proj/xbuilds/SWIP/2023.2_1013_2256/infra/XSIM/lin/.cxl.ip/incl/zynq_ultra_ps_e_vip_v1_0_15_axi_gp.sv:95]
WARNING: [VRFC 10-3091] actual bit length 32768 differs from formal bit length 8192 for port 'RD_DATA_REG' [/scratch/proj/xbuilds/SWIP/2023.2_1013_2256/infra/XSIM/lin/.cxl.ip/incl/zynq_ultra_ps_e_vip_v1_0_15_axi_gp.sv:96]
WARNING: [VRFC 10-3091] actual bit length 32 differs from formal bit length 1 for port 'S_AWREGION' [/scratch/proj/xbuilds/SWIP/2023.2_1013_2256/infra/XSIM/lin/.cxl.ip/incl/zynq_ultra_ps_e_vip_v1_0_15_axi_gp.sv:166]
WARNING: [VRFC 10-3091] actual bit length 32 differs from formal bit length 1 for port 'S_ARREGION' [/scratch/proj/xbuilds/SWIP/2023.2_1013_2256/infra/XSIM/lin/.cxl.ip/incl/zynq_ultra_ps_e_vip_v1_0_15_axi_gp.sv:167]
WARNING: [VRFC 10-3091] actual bit length 32 differs from formal bit length 1 for port 'S_WUSER' [/scratch/proj/xbuilds/SWIP/2023.2_1013_2256/infra/XSIM/lin/.cxl.ip/incl/zynq_ultra_ps_e_vip_v1_0_15_axi_gp.sv:169]
WARNING: [VRFC 10-3091] actual bit length 32 differs from formal bit length 1 for port 'S_AWREGION' [/scratch/proj/xbuilds/SWIP/2023.2_1013_2256/infra/XSIM/lin/.cxl.ip/incl/zynq_ultra_ps_e_vip_v1_0_15_axi_gp.sv:260]
WARNING: [VRFC 10-3091] actual bit length 32 differs from formal bit length 1 for port 'S_ARREGION' [/scratch/proj/xbuilds/SWIP/2023.2_1013_2256/infra/XSIM/lin/.cxl.ip/incl/zynq_ultra_ps_e_vip_v1_0_15_axi_gp.sv:261]
WARNING: [VRFC 10-3091] actual bit length 32 differs from formal bit length 1 for port 'S_WUSER' [/scratch/proj/xbuilds/SWIP/2023.2_1013_2256/infra/XSIM/lin/.cxl.ip/incl/zynq_ultra_ps_e_vip_v1_0_15_axi_gp.sv:263]
WARNING: [VRFC 10-3091] actual bit length 32 differs from formal bit length 1 for port 'S_AWREGION' [/scratch/proj/xbuilds/SWIP/2023.2_1013_2256/infra/XSIM/lin/.cxl.ip/incl/zynq_ultra_ps_e_vip_v1_0_15_axi_gp.sv:354]
WARNING: [VRFC 10-3091] actual bit length 32 differs from formal bit length 1 for port 'S_ARREGION' [/scratch/proj/xbuilds/SWIP/2023.2_1013_2256/infra/XSIM/lin/.cxl.ip/incl/zynq_ultra_ps_e_vip_v1_0_15_axi_gp.sv:355]
WARNING: [VRFC 10-3091] actual bit length 32 differs from formal bit length 1 for port 'S_WUSER' [/scratch/proj/xbuilds/SWIP/2023.2_1013_2256/infra/XSIM/lin/.cxl.ip/incl/zynq_ultra_ps_e_vip_v1_0_15_axi_gp.sv:357]
WARNING: [VRFC 10-3091] actual bit length 32 differs from formal bit length 1 for port 'S_AWREGION' [/scratch/proj/xbuilds/SWIP/2023.2_1013_2256/infra/XSIM/lin/.cxl.ip/incl/zynq_ultra_ps_e_vip_v1_0_15_axi_gp.sv:448]
WARNING: [VRFC 10-3091] actual bit length 32 differs from formal bit length 1 for port 'S_ARREGION' [/scratch/proj/xbuilds/SWIP/2023.2_1013_2256/infra/XSIM/lin/.cxl.ip/incl/zynq_ultra_ps_e_vip_v1_0_15_axi_gp.sv:449]
WARNING: [VRFC 10-3091] actual bit length 32 differs from formal bit length 1 for port 'S_WUSER' [/scratch/proj/xbuilds/SWIP/2023.2_1013_2256/infra/XSIM/lin/.cxl.ip/incl/zynq_ultra_ps_e_vip_v1_0_15_axi_gp.sv:451]
WARNING: [VRFC 10-3091] actual bit length 32 differs from formal bit length 1 for port 'S_AWREGION' [/scratch/proj/xbuilds/SWIP/2023.2_1013_2256/infra/XSIM/lin/.cxl.ip/incl/zynq_ultra_ps_e_vip_v1_0_15_axi_gp.sv:542]
WARNING: [VRFC 10-3091] actual bit length 32 differs from formal bit length 1 for port 'S_ARREGION' [/scratch/proj/xbuilds/SWIP/2023.2_1013_2256/infra/XSIM/lin/.cxl.ip/incl/zynq_ultra_ps_e_vip_v1_0_15_axi_gp.sv:543]
WARNING: [VRFC 10-3091] actual bit length 32 differs from formal bit length 1 for port 'S_WUSER' [/scratch/proj/xbuilds/SWIP/2023.2_1013_2256/infra/XSIM/lin/.cxl.ip/incl/zynq_ultra_ps_e_vip_v1_0_15_axi_gp.sv:545]
WARNING: [VRFC 10-3091] actual bit length 32 differs from formal bit length 1 for port 'S_AWREGION' [/scratch/proj/xbuilds/SWIP/2023.2_1013_2256/infra/XSIM/lin/.cxl.ip/incl/zynq_ultra_ps_e_vip_v1_0_15_axi_gp.sv:636]
WARNING: [VRFC 10-3091] actual bit length 32 differs from formal bit length 1 for port 'S_ARREGION' [/scratch/proj/xbuilds/SWIP/2023.2_1013_2256/infra/XSIM/lin/.cxl.ip/incl/zynq_ultra_ps_e_vip_v1_0_15_axi_gp.sv:637]
WARNING: [VRFC 10-3091] actual bit length 32 differs from formal bit length 1 for port 'S_WUSER' [/scratch/proj/xbuilds/SWIP/2023.2_1013_2256/infra/XSIM/lin/.cxl.ip/incl/zynq_ultra_ps_e_vip_v1_0_15_axi_gp.sv:639]
WARNING: [VRFC 10-3091] actual bit length 16 differs from formal bit length 1 for port 'M_AWUSER' [/scratch/proj/xbuilds/SWIP/2023.2_1013_2256/infra/XSIM/lin/.cxl.ip/incl/zynq_ultra_ps_e_vip_v1_0_15_axi_gp.sv:733]
WARNING: [VRFC 10-3091] actual bit length 32 differs from formal bit length 1 for port 'M_BUSER' [/scratch/proj/xbuilds/SWIP/2023.2_1013_2256/infra/XSIM/lin/.cxl.ip/incl/zynq_ultra_ps_e_vip_v1_0_15_axi_gp.sv:735]
WARNING: [VRFC 10-3091] actual bit length 16 differs from formal bit length 1 for port 'M_ARUSER' [/scratch/proj/xbuilds/SWIP/2023.2_1013_2256/infra/XSIM/lin/.cxl.ip/incl/zynq_ultra_ps_e_vip_v1_0_15_axi_gp.sv:736]
WARNING: [VRFC 10-3091] actual bit length 32 differs from formal bit length 1 for port 'M_RUSER' [/scratch/proj/xbuilds/SWIP/2023.2_1013_2256/infra/XSIM/lin/.cxl.ip/incl/zynq_ultra_ps_e_vip_v1_0_15_axi_gp.sv:737]
WARNING: [VRFC 10-3091] actual bit length 12 differs from formal bit length 16 for port 's_axi_awid' [/wrk/ci/prod/2023.2/sw/continuous/3079/packages/customer/vivado/data/ip/xilinx/zynq_ultra_ps_e_vip_v1_0/hdl/zynq_ultra_ps_e_vip_v1_0_vl_rfs.sv:7822]
WARNING: [VRFC 10-3091] actual bit length 32 differs from formal bit length 40 for port 's_axi_awaddr' [/wrk/ci/prod/2023.2/sw/continuous/3079/packages/customer/vivado/data/ip/xilinx/zynq_ultra_ps_e_vip_v1_0/hdl/zynq_ultra_ps_e_vip_v1_0_vl_rfs.sv:7823]
WARNING: [VRFC 10-3091] actual bit length 4 differs from formal bit length 8 for port 's_axi_awlen' [/wrk/ci/prod/2023.2/sw/continuous/3079/packages/customer/vivado/data/ip/xilinx/zynq_ultra_ps_e_vip_v1_0/hdl/zynq_ultra_ps_e_vip_v1_0_vl_rfs.sv:7824]
WARNING: [VRFC 10-3091] actual bit length 2 differs from formal bit length 1 for port 's_axi_awlock' [/wrk/ci/prod/2023.2/sw/continuous/3079/packages/customer/vivado/data/ip/xilinx/zynq_ultra_ps_e_vip_v1_0/hdl/zynq_ultra_ps_e_vip_v1_0_vl_rfs.sv:7827]
WARNING: [VRFC 10-3091] actual bit length 12 differs from formal bit length 16 for port 's_axi_wid' [/wrk/ci/prod/2023.2/sw/continuous/3079/packages/customer/vivado/data/ip/xilinx/zynq_ultra_ps_e_vip_v1_0/hdl/zynq_ultra_ps_e_vip_v1_0_vl_rfs.sv:7835]
WARNING: [VRFC 10-3091] actual bit length 32 differs from formal bit length 128 for port 's_axi_wdata' [/wrk/ci/prod/2023.2/sw/continuous/3079/packages/customer/vivado/data/ip/xilinx/zynq_ultra_ps_e_vip_v1_0/hdl/zynq_ultra_ps_e_vip_v1_0_vl_rfs.sv:7836]
WARNING: [VRFC 10-3091] actual bit length 4 differs from formal bit length 16 for port 's_axi_wstrb' [/wrk/ci/prod/2023.2/sw/continuous/3079/packages/customer/vivado/data/ip/xilinx/zynq_ultra_ps_e_vip_v1_0/hdl/zynq_ultra_ps_e_vip_v1_0_vl_rfs.sv:7837]
WARNING: [VRFC 10-3091] actual bit length 12 differs from formal bit length 16 for port 's_axi_arid' [/wrk/ci/prod/2023.2/sw/continuous/3079/packages/customer/vivado/data/ip/xilinx/zynq_ultra_ps_e_vip_v1_0/hdl/zynq_ultra_ps_e_vip_v1_0_vl_rfs.sv:7847]
WARNING: [VRFC 10-3091] actual bit length 32 differs from formal bit length 40 for port 's_axi_araddr' [/wrk/ci/prod/2023.2/sw/continuous/3079/packages/customer/vivado/data/ip/xilinx/zynq_ultra_ps_e_vip_v1_0/hdl/zynq_ultra_ps_e_vip_v1_0_vl_rfs.sv:7848]
WARNING: [VRFC 10-3091] actual bit length 4 differs from formal bit length 8 for port 's_axi_arlen' [/wrk/ci/prod/2023.2/sw/continuous/3079/packages/customer/vivado/data/ip/xilinx/zynq_ultra_ps_e_vip_v1_0/hdl/zynq_ultra_ps_e_vip_v1_0_vl_rfs.sv:7849]
WARNING: [VRFC 10-3091] actual bit length 2 differs from formal bit length 1 for port 's_axi_arlock' [/wrk/ci/prod/2023.2/sw/continuous/3079/packages/customer/vivado/data/ip/xilinx/zynq_ultra_ps_e_vip_v1_0/hdl/zynq_ultra_ps_e_vip_v1_0_vl_rfs.sv:7852]
WARNING: [VRFC 10-3091] actual bit length 16 differs from formal bit length 1 for port 'M_AWUSER' [/scratch/proj/xbuilds/SWIP/2023.2_1013_2256/infra/XSIM/lin/.cxl.ip/incl/zynq_ultra_ps_e_vip_v1_0_15_axi_gp.sv:804]
WARNING: [VRFC 10-3091] actual bit length 32 differs from formal bit length 1 for port 'M_BUSER' [/scratch/proj/xbuilds/SWIP/2023.2_1013_2256/infra/XSIM/lin/.cxl.ip/incl/zynq_ultra_ps_e_vip_v1_0_15_axi_gp.sv:806]
WARNING: [VRFC 10-3091] actual bit length 16 differs from formal bit length 1 for port 'M_ARUSER' [/scratch/proj/xbuilds/SWIP/2023.2_1013_2256/infra/XSIM/lin/.cxl.ip/incl/zynq_ultra_ps_e_vip_v1_0_15_axi_gp.sv:807]
WARNING: [VRFC 10-3091] actual bit length 32 differs from formal bit length 1 for port 'M_RUSER' [/scratch/proj/xbuilds/SWIP/2023.2_1013_2256/infra/XSIM/lin/.cxl.ip/incl/zynq_ultra_ps_e_vip_v1_0_15_axi_gp.sv:808]
WARNING: [VRFC 10-3091] actual bit length 128 differs from formal bit length 32 for port 'M_WDATA' [/scratch/proj/xbuilds/SWIP/2023.2_1013_2256/infra/XSIM/lin/.cxl.ip/incl/zynq_ultra_ps_e_vip_v1_0_15_axi_gp.sv:842]
WARNING: [VRFC 10-3091] actual bit length 16 differs from formal bit length 4 for port 'M_WSTRB' [/scratch/proj/xbuilds/SWIP/2023.2_1013_2256/infra/XSIM/lin/.cxl.ip/incl/zynq_ultra_ps_e_vip_v1_0_15_axi_gp.sv:843]
WARNING: [VRFC 10-3091] actual bit length 128 differs from formal bit length 32 for port 'M_RDATA' [/scratch/proj/xbuilds/SWIP/2023.2_1013_2256/infra/XSIM/lin/.cxl.ip/incl/zynq_ultra_ps_e_vip_v1_0_15_axi_gp.sv:865]
WARNING: [VRFC 10-3091] actual bit length 16 differs from formal bit length 1 for port 'M_AWUSER' [/scratch/proj/xbuilds/SWIP/2023.2_1013_2256/infra/XSIM/lin/.cxl.ip/incl/zynq_ultra_ps_e_vip_v1_0_15_axi_gp.sv:875]
WARNING: [VRFC 10-3091] actual bit length 32 differs from formal bit length 1 for port 'M_BUSER' [/scratch/proj/xbuilds/SWIP/2023.2_1013_2256/infra/XSIM/lin/.cxl.ip/incl/zynq_ultra_ps_e_vip_v1_0_15_axi_gp.sv:877]
WARNING: [VRFC 10-3091] actual bit length 16 differs from formal bit length 1 for port 'M_ARUSER' [/scratch/proj/xbuilds/SWIP/2023.2_1013_2256/infra/XSIM/lin/.cxl.ip/incl/zynq_ultra_ps_e_vip_v1_0_15_axi_gp.sv:878]
WARNING: [VRFC 10-3091] actual bit length 32 differs from formal bit length 1 for port 'M_RUSER' [/scratch/proj/xbuilds/SWIP/2023.2_1013_2256/infra/XSIM/lin/.cxl.ip/incl/zynq_ultra_ps_e_vip_v1_0_15_axi_gp.sv:879]
WARNING: [VRFC 10-3091] actual bit length 1 differs from formal bit length 4 for port 'wr_qos' [/wrk/ci/prod/2023.2/sw/continuous/3079/packages/customer/vivado/data/ip/xilinx/zynq_ultra_ps_e_vip_v1_0/hdl/zynq_ultra_ps_e_vip_v1_0_vl_rfs.sv:3798]
WARNING: [VRFC 10-3091] actual bit length 1 differs from formal bit length 4 for port 'rd_qos' [/wrk/ci/prod/2023.2/sw/continuous/3079/packages/customer/vivado/data/ip/xilinx/zynq_ultra_ps_e_vip_v1_0/hdl/zynq_ultra_ps_e_vip_v1_0_vl_rfs.sv:3805]
WARNING: [VRFC 10-3091] actual bit length 1 differs from formal bit length 4 for port 'wr_qos_1' [/wrk/ci/prod/2023.2/sw/continuous/3079/packages/customer/vivado/data/ip/xilinx/zynq_ultra_ps_e_vip_v1_0/hdl/zynq_ultra_ps_e_vip_v1_0_vl_rfs.sv:3818]
WARNING: [VRFC 10-3091] actual bit length 1 differs from formal bit length 4 for port 'rd_qos_1' [/wrk/ci/prod/2023.2/sw/continuous/3079/packages/customer/vivado/data/ip/xilinx/zynq_ultra_ps_e_vip_v1_0/hdl/zynq_ultra_ps_e_vip_v1_0_vl_rfs.sv:3825]
WARNING: [VRFC 10-5021] port 'mb_reset' is not connected on this instance [C:/larry_delivery/Latest/Latest.ip_user_files/bd/design_1/sim/design_1.v:485]
WARNING: [VRFC 10-5021] port 'active_program' is not connected on this instance [C:/larry_delivery/custom_slave_ip/hdl/custom_slave_v1_0_S00_AXI.v:703]
WARNING: [VRFC 10-5021] port 'PSS_ALTO_CORE_PAD_CLK' is not connected on this instance [C:/larry_delivery/Latest/Latest.ip_user_files/bd/design_1/ip/design_1_zynq_ultra_ps_e_0_0/sim/design_1_zynq_ultra_ps_e_0_0_vip_wrapper.v:267]
WARNING: [VRFC 10-3129] assignment to input 'wr_dv_ddr_acp' [/wrk/ci/prod/2023.2/sw/continuous/3079/packages/customer/vivado/data/ip/xilinx/zynq_ultra_ps_e_vip_v1_0/hdl/zynq_ultra_ps_e_vip_v1_0_vl_rfs.sv:3714]
WARNING: [VRFC 10-3129] assignment to input 'wr_dv_ddr_ace' [/wrk/ci/prod/2023.2/sw/continuous/3079/packages/customer/vivado/data/ip/xilinx/zynq_ultra_ps_e_vip_v1_0/hdl/zynq_ultra_ps_e_vip_v1_0_vl_rfs.sv:3728]
WARNING: [VRFC 10-3129] assignment to input 'wr_dv_ddr_gp0' [/wrk/ci/prod/2023.2/sw/continuous/3079/packages/customer/vivado/data/ip/xilinx/zynq_ultra_ps_e_vip_v1_0/hdl/zynq_ultra_ps_e_vip_v1_0_vl_rfs.sv:3776]
WARNING: [VRFC 10-3129] assignment to input 'wr_dv_ddr_gp1' [/wrk/ci/prod/2023.2/sw/continuous/3079/packages/customer/vivado/data/ip/xilinx/zynq_ultra_ps_e_vip_v1_0/hdl/zynq_ultra_ps_e_vip_v1_0_vl_rfs.sv:3790]
WARNING: [VRFC 10-3129] assignment to input 'wr_dv_ddr_gp6' [/wrk/ci/prod/2023.2/sw/continuous/3079/packages/customer/vivado/data/ip/xilinx/zynq_ultra_ps_e_vip_v1_0/hdl/zynq_ultra_ps_e_vip_v1_0_vl_rfs.sv:3838]
WARNING: [VRFC 10-3129] assignment to input 'wr_dv_ddr_gp3' [/wrk/ci/prod/2023.2/sw/continuous/3079/packages/customer/vivado/data/ip/xilinx/zynq_ultra_ps_e_vip_v1_0/hdl/zynq_ultra_ps_e_vip_v1_0_vl_rfs.sv:3888]
WARNING: [VRFC 10-3129] assignment to input 'wr_dv_ddr_gp4' [/wrk/ci/prod/2023.2/sw/continuous/3079/packages/customer/vivado/data/ip/xilinx/zynq_ultra_ps_e_vip_v1_0/hdl/zynq_ultra_ps_e_vip_v1_0_vl_rfs.sv:3902]
WARNING: [VRFC 10-3129] assignment to input 'wr_dv_acp' [/wrk/ci/prod/2023.2/sw/continuous/3079/packages/customer/vivado/data/ip/xilinx/zynq_ultra_ps_e_vip_v1_0/hdl/zynq_ultra_ps_e_vip_v1_0_vl_rfs.sv:3004]
WARNING: [VRFC 10-3129] assignment to input 'wr_dv_ace' [/wrk/ci/prod/2023.2/sw/continuous/3079/packages/customer/vivado/data/ip/xilinx/zynq_ultra_ps_e_vip_v1_0/hdl/zynq_ultra_ps_e_vip_v1_0_vl_rfs.sv:3018]
WARNING: [VRFC 10-3129] assignment to input 'wr_dv_gp0' [/wrk/ci/prod/2023.2/sw/continuous/3079/packages/customer/vivado/data/ip/xilinx/zynq_ultra_ps_e_vip_v1_0/hdl/zynq_ultra_ps_e_vip_v1_0_vl_rfs.sv:3052]
WARNING: [VRFC 10-3129] assignment to input 'wr_dv_gp1' [/wrk/ci/prod/2023.2/sw/continuous/3079/packages/customer/vivado/data/ip/xilinx/zynq_ultra_ps_e_vip_v1_0/hdl/zynq_ultra_ps_e_vip_v1_0_vl_rfs.sv:3066]
WARNING: [VRFC 10-3129] assignment to input 'wr_dv_gp3' [/wrk/ci/prod/2023.2/sw/continuous/3079/packages/customer/vivado/data/ip/xilinx/zynq_ultra_ps_e_vip_v1_0/hdl/zynq_ultra_ps_e_vip_v1_0_vl_rfs.sv:3115]
WARNING: [VRFC 10-3129] assignment to input 'wr_dv_gp4' [/wrk/ci/prod/2023.2/sw/continuous/3079/packages/customer/vivado/data/ip/xilinx/zynq_ultra_ps_e_vip_v1_0/hdl/zynq_ultra_ps_e_vip_v1_0_vl_rfs.sv:3129]
WARNING: [VRFC 10-3705] select index 4096 into 'wrp_strb' is out of bounds [/wrk/ci/prod/2023.2/sw/continuous/3079/packages/customer/vivado/data/ip/xilinx/zynq_ultra_ps_e_vip_v1_0/hdl/zynq_ultra_ps_e_vip_v1_0_vl_rfs.sv:6968]
WARNING: [VRFC 10-3705] select index 2 into 'wr_fifo_rd_ptr' is out of bounds [/wrk/ci/prod/2023.2/sw/continuous/3079/packages/customer/vivado/data/ip/xilinx/zynq_ultra_ps_e_vip_v1_0/hdl/zynq_ultra_ps_e_vip_v1_0_vl_rfs.sv:7181]
WARNING: [VRFC 10-3705] select index 3 into 'ar_cnt' is out of bounds [/wrk/ci/prod/2023.2/sw/continuous/3079/packages/customer/vivado/data/ip/xilinx/zynq_ultra_ps_e_vip_v1_0/hdl/zynq_ultra_ps_e_vip_v1_0_vl_rfs.sv:7320]
WARNING: [VRFC 10-3705] select index 3 into 'wr_rresp_cnt' is out of bounds [/wrk/ci/prod/2023.2/sw/continuous/3079/packages/customer/vivado/data/ip/xilinx/zynq_ultra_ps_e_vip_v1_0/hdl/zynq_ultra_ps_e_vip_v1_0_vl_rfs.sv:7417]
WARNING: [VRFC 10-3705] select index 3 into 'rd_fifo_wr_ptr' is out of bounds [/wrk/ci/prod/2023.2/sw/continuous/3079/packages/customer/vivado/data/ip/xilinx/zynq_ultra_ps_e_vip_v1_0/hdl/zynq_ultra_ps_e_vip_v1_0_vl_rfs.sv:7436]
WARNING: [VRFC 10-3705] select index 3 into 'rd_cnt' is out of bounds [/wrk/ci/prod/2023.2/sw/continuous/3079/packages/customer/vivado/data/ip/xilinx/zynq_ultra_ps_e_vip_v1_0/hdl/zynq_ultra_ps_e_vip_v1_0_vl_rfs.sv:7577]
WARNING: [VRFC 10-3705] select index 3 into 'rresp_time_cnt' is out of bounds [/wrk/ci/prod/2023.2/sw/continuous/3079/packages/customer/vivado/data/ip/xilinx/zynq_ultra_ps_e_vip_v1_0/hdl/zynq_ultra_ps_e_vip_v1_0_vl_rfs.sv:7582]
WARNING: [VRFC 10-3705] select index 3 into 'rd_fifo_rd_ptr' is out of bounds [/wrk/ci/prod/2023.2/sw/continuous/3079/packages/customer/vivado/data/ip/xilinx/zynq_ultra_ps_e_vip_v1_0/hdl/zynq_ultra_ps_e_vip_v1_0_vl_rfs.sv:7587]
WARNING: [VRFC 10-3705] select index 4096 into 'wrp_strb' is out of bounds [/wrk/ci/prod/2023.2/sw/continuous/3079/packages/customer/vivado/data/ip/xilinx/zynq_ultra_ps_e_vip_v1_0/hdl/zynq_ultra_ps_e_vip_v1_0_vl_rfs.sv:5492]
Completed static elaboration
Starting simulation data flow analysis
WARNING: [XSIM 43-4099] "C:/larry_delivery/Driver/driver_cntrl.v" Line 1. Module driver_cntrl doesn't have a timescale but at least one module in design has a timescale.
WARNING: [XSIM 43-4099] "C:/larry_delivery/Driver/driver_monitor.v" Line 1. Module driver_monitor doesn't have a timescale but at least one module in design has a timescale.
WARNING: [XSIM 43-4099] "C:/larry_delivery/Driver/driver_cntrl.v" Line 1. Module driver_cntrl doesn't have a timescale but at least one module in design has a timescale.
WARNING: [XSIM 43-4099] "C:/larry_delivery/Driver/driver_monitor.v" Line 1. Module driver_monitor doesn't have a timescale but at least one module in design has a timescale.
Completed simulation data flow analysis
Time Resolution for simulation is 1ps
Compiling package std.standard
Compiling package std.textio
Compiling package ieee.std_logic_1164
Compiling package ieee.numeric_std
Compiling package c_counter_binary_v12_0_17.c_counter_binary_v12_0_17_viv_co...
Compiling package xbip_utils_v3_0_11.xbip_utils_v3_0_11_pkg
Compiling package xbip_counter_v3_0_7.xbip_counter_v3_0_7_viv_comp
Compiling package ieee.std_logic_arith
Compiling package ieee.std_logic_unsigned
Compiling package xbip_counter_v3_0_7.xbip_counter_v3_0_7_pkg
Compiling package c_counter_binary_v12_0_17.c_counter_binary_v12_0_17_pkg
Compiling package c_addsub_v12_0_16.c_addsub_v12_0_16_pkg_legacy
Compiling package c_reg_fd_v12_0_7.c_reg_fd_v12_0_7_viv_comp
Compiling package c_addsub_v12_0_16.c_addsub_v12_0_16_pkg
Compiling package unisim.vcomponents
Compiling package synopsys.attributes
Compiling package ieee.std_logic_misc
Compiling package fifo_generator_v13_2_9.fifo_generator_v13_2_9_pkg
Compiling package xpm.vcomponents
Compiling package ieee.vital_timing
Compiling package ieee.vital_primitives
Compiling package unisim.vpkg
Compiling package xilinx_vip.axi_vip_pkg
Compiling package xilinx_vip.xil_common_vip_pkg
Compiling package std.std
Compiling module xilinx_vip.axi_vip_axi4pc(WADDR_WIDTH=40,RA...
Compiling module xilinx_vip.cb
Compiling module xilinx_vip.axi_vip_if(C_AXI_ADDR_WIDTH=40,C...
Compiling module axi_vip_v1_1_15.axi_vip_v1_1_15_top(C_AXI_ADDR_W...
Compiling module xil_defaultlib.design_1_axi_vip_0_0
Compiling architecture structural of entity c_reg_fd_v12_0_7.c_reg_fd_v12_0_7_viv [\c_reg_fd_v12_0_7_viv(c_width=5,...]
Compiling architecture muxcy_v of entity unisim.MUXCY [muxcy_default]
Compiling architecture xorcy_v of entity unisim.XORCY [xorcy_default]
Compiling architecture rtl of entity c_addsub_v12_0_16.c_addsub_v12_0_16_lut6_legacy [\c_addsub_v12_0_16_lut6_legacy(c...]
Compiling architecture synth of entity c_addsub_v12_0_16.c_addsub_v12_0_16_fabric_legacy [\c_addsub_v12_0_16_fabric_legacy...]
Compiling architecture synth of entity c_addsub_v12_0_16.c_addsub_v12_0_16_legacy [\c_addsub_v12_0_16_legacy(c_fami...]
Compiling architecture synth of entity c_counter_binary_v12_0_17.c_counter_binary_v12_0_17_legacy [\c_counter_binary_v12_0_17_legac...]
Compiling architecture synth of entity c_counter_binary_v12_0_17.c_counter_binary_v12_0_17_viv [\c_counter_binary_v12_0_17_viv(c...]
Compiling architecture xilinx of entity c_counter_binary_v12_0_17.c_counter_binary_v12_0_17 [\c_counter_binary_v12_0_17(c_xde...]
Compiling architecture design_1_c_counter_binary_0_0_arch of entity xil_defaultlib.design_1_c_counter_binary_0_0 [design_1_c_counter_binary_0_0_de...]
Compiling module xil_defaultlib.driver_cntrl
Compiling module xil_defaultlib.driver_monitor
Compiling module xil_defaultlib.driver
Compiling module xil_defaultlib.custom_slave_v1_0_S00_AXI(C_S_AX...
Compiling module xil_defaultlib.design_1_custom_slave_v1_0_S0_0_...
Compiling architecture fifo36e2_v of entity unisim.FIFO36E2 [\FIFO36E2(clock_domains="COMMON"...]
Compiling architecture amd of entity fifo_generator_v13_2_9.builtin_prim [\builtin_prim(c_din_width=128,c_...]
Compiling architecture amd of entity fifo_generator_v13_2_9.builtin_extdepth [\builtin_extdepth(c_family="8SER...]
Compiling architecture amd of entity fifo_generator_v13_2_9.builtin_top [\builtin_top(c_family="8SERIES",...]
Compiling architecture amd of entity fifo_generator_v13_2_9.input_blk [\input_blk(c_din_width=128,c_pkt...]
Compiling architecture amd of entity fifo_generator_v13_2_9.output_blk [\output_blk(c_dout_width=256,c_p...]
Compiling architecture amd of entity fifo_generator_v13_2_9.fifo_generator_v13_2_9_builtin [\fifo_generator_v13_2_9_builtin(...]
Compiling architecture amd of entity fifo_generator_v13_2_9.fifo_generator_top [\fifo_generator_top(c_family="vi...]
Compiling architecture amd of entity fifo_generator_v13_2_9.fifo_generator_v13_2_9_synth [\fifo_generator_v13_2_9_synth(c_...]
Compiling module xil_defaultlib.design_1_fifo_generator_0_0
Compiling architecture fifo36e2_v of entity unisim.FIFO36E2 [\FIFO36E2(cascade_order="FIRST",...]
Compiling architecture amd of entity fifo_generator_v13_2_9.builtin_prim [\builtin_prim(c_din_width=32,c_d...]
Compiling architecture fifo36e2_v of entity unisim.FIFO36E2 [\FIFO36E2(cascade_order="MIDDLE"...]
Compiling architecture amd of entity fifo_generator_v13_2_9.builtin_prim [\builtin_prim(c_din_width=32,c_d...]
Compiling architecture fifo36e2_v of entity unisim.FIFO36E2 [\FIFO36E2(cascade_order="LAST",c...]
Compiling architecture amd of entity fifo_generator_v13_2_9.builtin_prim [\builtin_prim(c_din_width=32,c_d...]
Compiling architecture amd of entity fifo_generator_v13_2_9.builtin_extdepth [\builtin_extdepth(c_family="8SER...]
Compiling architecture amd of entity fifo_generator_v13_2_9.builtin_top [\builtin_top(c_family="8SERIES",...]
Compiling architecture amd of entity fifo_generator_v13_2_9.input_blk [\input_blk(c_din_width=32,c_pktf...]
Compiling architecture amd of entity fifo_generator_v13_2_9.output_blk [\output_blk(c_dout_width=32,c_pk...]
Compiling architecture amd of entity fifo_generator_v13_2_9.fifo_generator_v13_2_9_builtin [\fifo_generator_v13_2_9_builtin(...]
Compiling architecture amd of entity fifo_generator_v13_2_9.fifo_generator_top [\fifo_generator_top(c_family="vi...]
Compiling architecture amd of entity fifo_generator_v13_2_9.fifo_generator_v13_2_9_synth [\fifo_generator_v13_2_9_synth(c_...]
Compiling module xil_defaultlib.design_1_fifo_generator_0_1
Compiling module xil_defaultlib.master_custom_v1_0_M00_AXI(C_M_A...
Compiling module xil_defaultlib.design_1_master_custom_v1_0_M_0_...
Compiling module xil_defaultlib.s00_couplers_imp_1A7ZMW4
Compiling module xil_defaultlib.design_1_ps8_0_axi_periph_0
Compiling architecture fdre_v of entity unisim.FDRE [fdre_default]
Compiling architecture fdre_v of entity unisim.FDRE [\FDRE(init='1')\]
Compiling architecture fdr_v of entity unisim.FDR [fdr_default]
Compiling architecture implementation of entity lib_cdc_v1_0_2.cdc_sync [\cdc_sync(c_vector_width=2,c_mtb...]
Compiling architecture srl16e_v of entity unisim.SRL16E [\SRL16E(init="1111111111111111")...]
Compiling architecture srl16_v of entity unisim.SRL16 [\SRL16(init="1111111111111111")(...]
Compiling architecture imp of entity proc_sys_reset_v5_0_14.lpf [\lpf(c_ext_rst_width=4,c_aux_rst...]
Compiling architecture imp of entity proc_sys_reset_v5_0_14.upcnt_n [\upcnt_n(c_size=6)\]
Compiling architecture imp of entity proc_sys_reset_v5_0_14.sequence_psr [sequence_psr_default]
Compiling architecture imp of entity proc_sys_reset_v5_0_14.proc_sys_reset [\proc_sys_reset(c_family="zynqup...]
Compiling architecture design_1_rst_ps8_0_99m_0_arch of entity xil_defaultlib.design_1_rst_ps8_0_99M_0 [design_1_rst_ps8_0_99m_0_default]
Compiling module xil_defaultlib.bd_36cd_g_inst_0_gigantic_mux(C_...
Compiling module xil_defaultlib.bd_36cd_g_inst_0
Compiling module xil_defaultlib.bd_36cd_ila_lib_0
Compiling module xlconcat_v2_1_5.xlconcat_v2_1_5_xlconcat_default
Compiling module xil_defaultlib.bd_36cd_slot_0_ar_0
Compiling module xil_defaultlib.bd_36cd_slot_0_aw_0
Compiling module xil_defaultlib.bd_36cd_slot_0_b_0
Compiling module xlconcat_v2_1_5.xlconcat_v2_1_5_xlconcat(dout_wi...
Compiling module xil_defaultlib.bd_36cd_slot_0_r_0
Compiling module xil_defaultlib.bd_36cd_slot_0_w_0
Compiling module xil_defaultlib.bd_36cd
Compiling module xil_defaultlib.design_1_system_ila_0_1
Compiling module xil_defaultlib.bd_f69c_g_inst_0_gigantic_mux(C_...
Compiling module xil_defaultlib.bd_f69c_g_inst_0
Compiling module xil_defaultlib.bd_f69c_ila_lib_0
Compiling module xil_defaultlib.bd_f69c_slot_0_ar_0
Compiling module xil_defaultlib.bd_f69c_slot_0_aw_0
Compiling module xil_defaultlib.bd_f69c_slot_0_b_0
Compiling module xil_defaultlib.bd_f69c_slot_0_r_0
Compiling module xil_defaultlib.bd_f69c_slot_0_w_0
Compiling module xil_defaultlib.bd_f69c
Compiling module xil_defaultlib.design_1_system_ila_1_1
Compiling module util_reduced_logic_v2_0_5.util_reduced_logic_v2_0_5_util_r...
Compiling module xil_defaultlib.design_1_util_reduced_logic_0_0
Compiling module util_vector_logic_v2_0_3.util_vector_logic_v2_0_3_util_ve...
Compiling module xil_defaultlib.design_1_util_vector_logic_0_0
Compiling module util_vector_logic_v2_0_3.util_vector_logic_v2_0_3_util_ve...
Compiling module xil_defaultlib.design_1_util_vector_logic_1_0
Compiling module xil_defaultlib.design_1_util_vector_logic_2_0
Compiling module xil_defaultlib.design_1_util_vector_logic_0_1
Compiling module xil_defaultlib.design_1_util_vector_logic_4_0
Compiling module zynq_ultra_ps_e_vip_v1_0_15.zynq_ultra_ps_e_vip_v1_0_15_gen_...
Compiling module zynq_ultra_ps_e_vip_v1_0_15.zynq_ultra_ps_e_vip_v1_0_15_gen_...
Compiling module zynq_ultra_ps_e_vip_v1_0_15.zynq_ultra_ps_e_vip_v1_0_15_arb_...
Compiling module zynq_ultra_ps_e_vip_v1_0_15.zynq_ultra_ps_e_vip_v1_0_15_arb_...
Compiling module zynq_ultra_ps_e_vip_v1_0_15.zynq_ultra_ps_e_vip_v1_0_15_spar...
Compiling module zynq_ultra_ps_e_vip_v1_0_15.zynq_ultra_ps_e_vip_v1_0_15_ddrc...
Compiling module zynq_ultra_ps_e_vip_v1_0_15.zynq_ultra_ps_e_vip_v1_0_15_ocm_...
Compiling module zynq_ultra_ps_e_vip_v1_0_15.zynq_ultra_ps_e_vip_v1_0_15_ocmc...
Compiling module zynq_ultra_ps_e_vip_v1_0_15.zynq_ultra_ps_e_vip_v1_0_15_reg_...
Compiling module zynq_ultra_ps_e_vip_v1_0_15.zynq_ultra_ps_e_vip_v1_0_15_regc...
Compiling module xilinx_vip.axi_vip_axi4pc(WADDR_WIDTH=40,RA...
Compiling module xilinx_vip.cb
Compiling module xilinx_vip.axi_vip_if(C_AXI_ADDR_WIDTH=40,C...
Compiling module axi_vip_v1_1_15.axi_vip_v1_1_15_top(C_AXI_ADDR_W...
WARNING: [VRFC 10-3705] select index 4096 into 'wrp_strb' is out of bounds [/wrk/ci/prod/2023.2/sw/continuous/3079/packages/customer/vivado/data/ip/xilinx/zynq_ultra_ps_e_vip_v1_0/hdl/zynq_ultra_ps_e_vip_v1_0_vl_rfs.sv:6968]
WARNING: [VRFC 10-3705] select index 2 into 'wr_fifo_rd_ptr' is out of bounds [/wrk/ci/prod/2023.2/sw/continuous/3079/packages/customer/vivado/data/ip/xilinx/zynq_ultra_ps_e_vip_v1_0/hdl/zynq_ultra_ps_e_vip_v1_0_vl_rfs.sv:7181]
WARNING: [VRFC 10-3705] select index 3 into 'ar_cnt' is out of bounds [/wrk/ci/prod/2023.2/sw/continuous/3079/packages/customer/vivado/data/ip/xilinx/zynq_ultra_ps_e_vip_v1_0/hdl/zynq_ultra_ps_e_vip_v1_0_vl_rfs.sv:7320]
WARNING: [VRFC 10-3705] select index 3 into 'wr_rresp_cnt' is out of bounds [/wrk/ci/prod/2023.2/sw/continuous/3079/packages/customer/vivado/data/ip/xilinx/zynq_ultra_ps_e_vip_v1_0/hdl/zynq_ultra_ps_e_vip_v1_0_vl_rfs.sv:7417]
WARNING: [VRFC 10-3705] select index 3 into 'rd_fifo_wr_ptr' is out of bounds [/wrk/ci/prod/2023.2/sw/continuous/3079/packages/customer/vivado/data/ip/xilinx/zynq_ultra_ps_e_vip_v1_0/hdl/zynq_ultra_ps_e_vip_v1_0_vl_rfs.sv:7436]
WARNING: [VRFC 10-3705] select index 3 into 'rd_cnt' is out of bounds [/wrk/ci/prod/2023.2/sw/continuous/3079/packages/customer/vivado/data/ip/xilinx/zynq_ultra_ps_e_vip_v1_0/hdl/zynq_ultra_ps_e_vip_v1_0_vl_rfs.sv:7577]
WARNING: [VRFC 10-3705] select index 3 into 'rresp_time_cnt' is out of bounds [/wrk/ci/prod/2023.2/sw/continuous/3079/packages/customer/vivado/data/ip/xilinx/zynq_ultra_ps_e_vip_v1_0/hdl/zynq_ultra_ps_e_vip_v1_0_vl_rfs.sv:7582]
WARNING: [VRFC 10-3705] select index 3 into 'rd_fifo_rd_ptr' is out of bounds [/wrk/ci/prod/2023.2/sw/continuous/3079/packages/customer/vivado/data/ip/xilinx/zynq_ultra_ps_e_vip_v1_0/hdl/zynq_ultra_ps_e_vip_v1_0_vl_rfs.sv:7587]
Compiling module zynq_ultra_ps_e_vip_v1_0_15.zynq_ultra_ps_e_vip_v1_0_15_axi_...
Compiling module xilinx_vip.axi_vip_axi4pc(WADDR_WIDTH=40,RA...
Compiling module xilinx_vip.cb
Compiling module xilinx_vip.axi_vip_if(C_AXI_ADDR_WIDTH=40,C...
Compiling module axi_vip_v1_1_15.axi_vip_v1_1_15_top(C_AXI_ADDR_W...
WARNING: [VRFC 10-3705] select index 4096 into 'wrp_strb' is out of bounds [/wrk/ci/prod/2023.2/sw/continuous/3079/packages/customer/vivado/data/ip/xilinx/zynq_ultra_ps_e_vip_v1_0/hdl/zynq_ultra_ps_e_vip_v1_0_vl_rfs.sv:5492]
Compiling module zynq_ultra_ps_e_vip_v1_0_15.zynq_ultra_ps_e_vip_v1_0_15_axi_...
Compiling module xilinx_vip.axi_vip_axi4pc(WADDR_WIDTH=40,RA...
Compiling module xilinx_vip.cb
Compiling module xilinx_vip.axi_vip_if(C_AXI_ADDR_WIDTH=40,C...
Compiling module axi_vip_v1_1_15.axi_vip_v1_1_15_top(C_AXI_ADDR_W...
Compiling module zynq_ultra_ps_e_vip_v1_0_15.zynq_ultra_ps_e_vip_v1_0_15_axi_...
Compiling module zynq_ultra_ps_e_vip_v1_0_15.zynq_ultra_ps_e_vip_v1_0_15_axi_...
Compiling module zynq_ultra_ps_e_vip_v1_0_15.zynq_ultra_ps_e_vip_v1_0_15_axi_...
Compiling module zynq_ultra_ps_e_vip_v1_0_15.zynq_ultra_ps_e_vip_v1_0_15_axi_...
Compiling module zynq_ultra_ps_e_vip_v1_0_15.zynq_ultra_ps_e_vip_v1_0_15_axi_...
Compiling module zynq_ultra_ps_e_vip_v1_0_15.zynq_ultra_ps_e_vip_v1_0_15_axi_...
Compiling module zynq_ultra_ps_e_vip_v1_0_15.zynq_ultra_ps_e_vip_v1_0_15_axi_...
Compiling module xilinx_vip.axi_vip_axi4pc(WADDR_WIDTH=40,RA...
Compiling module xilinx_vip.cb
Compiling module xilinx_vip.axi_vip_if(C_AXI_ADDR_WIDTH=40,C...
Compiling module axi_vip_v1_1_15.axi_vip_v1_1_15_top(C_AXI_ADDR_W...
Compiling module zynq_ultra_ps_e_vip_v1_0_15.zynq_ultra_ps_e_vip_v1_0_15_axi_...
Compiling module zynq_ultra_ps_e_vip_v1_0_15.zynq_ultra_ps_e_vip_v1_0_15_axi_...
Compiling module xilinx_vip.axi_vip_axi4pc(WADDR_WIDTH=40,RA...
Compiling module xilinx_vip.cb
Compiling module xilinx_vip.axi_vip_if(C_AXI_ADDR_WIDTH=40,C...
Compiling module axi_vip_v1_1_15.axi_vip_v1_1_15_top(C_AXI_ADDR_W...
Compiling module zynq_ultra_ps_e_vip_v1_0_15.zynq_ultra_ps_e_vip_v1_0_15_axi_...
Compiling module zynq_ultra_ps_e_vip_v1_0_15.zynq_ultra_ps_e_vip_v1_0_15_arb_...
Compiling module zynq_ultra_ps_e_vip_v1_0_15.zynq_ultra_ps_e_vip_v1_0_15_arb_...
Compiling module zynq_ultra_ps_e_vip_v1_0_15.zynq_ultra_ps_e_vip_v1_0_15_arb_...
Compiling module zynq_ultra_ps_e_vip_v1_0_15.zynq_ultra_ps_e_vip_v1_0_15_ddr_...
Compiling module zynq_ultra_ps_e_vip_v1_0_15.zynq_ultra_ps_e_vip_v1_0_15_inte...
Compiling module zynq_ultra_ps_e_vip_v1_0_15.zynq_ultra_ps_e_vip_v1_0_15(C_FC...
Compiling module xil_defaultlib.design_1_zynq_ultra_ps_e_0_0
Compiling module xil_defaultlib.design_1
Compiling module xil_defaultlib.design_1_wrapper
Compiling module xil_defaultlib.testbench
Compiling module xil_defaultlib.glbl
Built simulation snapshot testbench_behav
